running egg_info
writing ../../build/guidance_node/guidance_node.egg-info/PKG-INFO
writing dependency_links to ../../build/guidance_node/guidance_node.egg-info/dependency_links.txt
writing entry points to ../../build/guidance_node/guidance_node.egg-info/entry_points.txt
writing requirements to ../../build/guidance_node/guidance_node.egg-info/requires.txt
writing top-level names to ../../build/guidance_node/guidance_node.egg-info/top_level.txt
reading manifest file '../../build/guidance_node/guidance_node.egg-info/SOURCES.txt'
writing manifest file '../../build/guidance_node/guidance_node.egg-info/SOURCES.txt'
running build
running build_py
copying guidance_node/guidance_node.py -> /home/chirag/Aerospace/ROS2/autonomy_ws/build/guidance_node/build/lib/guidance_node
running install
running install_lib
copying /home/chirag/Aerospace/ROS2/autonomy_ws/build/guidance_node/build/lib/guidance_node/guidance_node.py -> /home/chirag/Aerospace/ROS2/autonomy_ws/install/guidance_node/lib/python3.12/site-packages/guidance_node
byte-compiling /home/chirag/Aerospace/ROS2/autonomy_ws/install/guidance_node/lib/python3.12/site-packages/guidance_node/guidance_node.py to guidance_node.cpython-312.pyc
running install_data
running install_egg_info
removing '/home/chirag/Aerospace/ROS2/autonomy_ws/install/guidance_node/lib/python3.12/site-packages/guidance_node-0.0.0-py3.12.egg-info' (and everything under it)
Copying ../../build/guidance_node/guidance_node.egg-info to /home/chirag/Aerospace/ROS2/autonomy_ws/install/guidance_node/lib/python3.12/site-packages/guidance_node-0.0.0-py3.12.egg-info
running install_scripts
Installing guidance_node script to /home/chirag/Aerospace/ROS2/autonomy_ws/install/guidance_node/lib/guidance_node
writing list of installed files to '/home/chirag/Aerospace/ROS2/autonomy_ws/build/guidance_node/install.log'
