[1.662s] Invoking command in '/home/chirag/Aerospace/ROS2/autonomy_ws/src/guidance_node': DEBUGINFOD_URLS=https://debuginfod.ubuntu.com PYTHONPATH=/home/chirag/Aerospace/ROS2/autonomy_ws/build/guidance_node/prefix_override:/usr/lib/python3/dist-packages/colcon_core/task/python/colcon_distutils_commands:/home/chirag/Aerospace/ROS2/autonomy_ws/install/guidance_node/lib/python3.12/site-packages:/home/chirag/Aerospace/ROS2/autonomy_ws/install/px4_msgs/lib/python3.12/site-packages:/home/chirag/Aerospace/ROS2/autonomy_ws/install/telemetry_node/lib/python3.12/site-packages:/home/chirag/Aerospace/ROS2/autonomy_ws/install/px4_telemetry_node/lib/python3.12/site-packages:/home/chirag/Aerospace/ROS2/autonomy_ws/install/px4_mission_node/lib/python3.12/site-packages:/home/chirag/Aerospace/ROS2/autonomy_ws/install/px4_command_node/lib/python3.12/site-packages:/home/chirag/Aerospace/ROS2/autonomy_ws/install/guidance_node/lib/python3.12/site-packages:/home/chirag/Aerospace/ros2_ws/install/telemetry_monitor/lib/python3.12/site-packages:/home/chirag/Aerospace/ros2_ws/install/px4_msgs/lib/python3.12/site-packages:/opt/ros/jazzy/lib/python3.12/site-packages /usr/bin/python3 -W ignore:setup.py install is deprecated -W ignore:easy_install command is deprecated setup.py egg_info --egg-base ../../build/guidance_node build --build-base /home/chirag/Aerospace/ROS2/autonomy_ws/build/guidance_node/build install --record /home/chirag/Aerospace/ROS2/autonomy_ws/build/guidance_node/install.log --single-version-externally-managed install_data
[1.991s] running egg_info
[2.020s] writing ../../build/guidance_node/guidance_node.egg-info/PKG-INFO
[2.020s] writing dependency_links to ../../build/guidance_node/guidance_node.egg-info/dependency_links.txt
[2.021s] writing entry points to ../../build/guidance_node/guidance_node.egg-info/entry_points.txt
[2.021s] writing requirements to ../../build/guidance_node/guidance_node.egg-info/requires.txt
[2.021s] writing top-level names to ../../build/guidance_node/guidance_node.egg-info/top_level.txt
[2.075s] reading manifest file '../../build/guidance_node/guidance_node.egg-info/SOURCES.txt'
[2.076s] writing manifest file '../../build/guidance_node/guidance_node.egg-info/SOURCES.txt'
[2.076s] running build
[2.076s] running build_py
[2.077s] copying guidance_node/guidance_node.py -> /home/chirag/Aerospace/ROS2/autonomy_ws/build/guidance_node/build/lib/guidance_node
[2.077s] running install
[2.085s] running install_lib
[2.110s] copying /home/chirag/Aerospace/ROS2/autonomy_ws/build/guidance_node/build/lib/guidance_node/guidance_node.py -> /home/chirag/Aerospace/ROS2/autonomy_ws/install/guidance_node/lib/python3.12/site-packages/guidance_node
[2.111s] byte-compiling /home/chirag/Aerospace/ROS2/autonomy_ws/install/guidance_node/lib/python3.12/site-packages/guidance_node/guidance_node.py to guidance_node.cpython-312.pyc
[2.114s] running install_data
[2.114s] running install_egg_info
[2.145s] removing '/home/chirag/Aerospace/ROS2/autonomy_ws/install/guidance_node/lib/python3.12/site-packages/guidance_node-0.0.0-py3.12.egg-info' (and everything under it)
[2.145s] Copying ../../build/guidance_node/guidance_node.egg-info to /home/chirag/Aerospace/ROS2/autonomy_ws/install/guidance_node/lib/python3.12/site-packages/guidance_node-0.0.0-py3.12.egg-info
[2.147s] running install_scripts
[2.319s] Installing guidance_node script to /home/chirag/Aerospace/ROS2/autonomy_ws/install/guidance_node/lib/guidance_node
[2.320s] writing list of installed files to '/home/chirag/Aerospace/ROS2/autonomy_ws/build/guidance_node/install.log'
[2.403s] Invoked command in '/home/chirag/Aerospace/ROS2/autonomy_ws/src/guidance_node' returned '0': DEBUGINFOD_URLS=https://debuginfod.ubuntu.com PYTHONPATH=/home/chirag/Aerospace/ROS2/autonomy_ws/build/guidance_node/prefix_override:/usr/lib/python3/dist-packages/colcon_core/task/python/colcon_distutils_commands:/home/chirag/Aerospace/ROS2/autonomy_ws/install/guidance_node/lib/python3.12/site-packages:/home/chirag/Aerospace/ROS2/autonomy_ws/install/px4_msgs/lib/python3.12/site-packages:/home/chirag/Aerospace/ROS2/autonomy_ws/install/telemetry_node/lib/python3.12/site-packages:/home/chirag/Aerospace/ROS2/autonomy_ws/install/px4_telemetry_node/lib/python3.12/site-packages:/home/chirag/Aerospace/ROS2/autonomy_ws/install/px4_mission_node/lib/python3.12/site-packages:/home/chirag/Aerospace/ROS2/autonomy_ws/install/px4_command_node/lib/python3.12/site-packages:/home/chirag/Aerospace/ROS2/autonomy_ws/install/guidance_node/lib/python3.12/site-packages:/home/chirag/Aerospace/ros2_ws/install/telemetry_monitor/lib/python3.12/site-packages:/home/chirag/Aerospace/ros2_ws/install/px4_msgs/lib/python3.12/site-packages:/opt/ros/jazzy/lib/python3.12/site-packages /usr/bin/python3 -W ignore:setup.py install is deprecated -W ignore:easy_install command is deprecated setup.py egg_info --egg-base ../../build/guidance_node build --build-base /home/chirag/Aerospace/ROS2/autonomy_ws/build/guidance_node/build install --record /home/chirag/Aerospace/ROS2/autonomy_ws/build/guidance_node/install.log --single-version-externally-managed install_data
