[0.090s] DEBUG:colcon:Command line arguments: ['/usr/bin/colcon', 'build']
[0.090s] DEBUG:colcon:Parsed command line arguments: Namespace(log_base=None, log_level=None, verb_name='build', build_base='build', install_base='install', merge_install=False, symlink_install=False, test_result_base=None, continue_on_error=False, executor='parallel', parallel_workers=32, event_handlers=None, ignore_user_meta=False, metas=['./colcon.meta'], base_paths=['.'], packages_ignore=None, packages_ignore_regex=None, paths=None, packages_up_to=None, packages_up_to_regex=None, packages_above=None, packages_above_and_dependencies=None, packages_above_depth=None, packages_select_by_dep=None, packages_skip_by_dep=None, packages_skip_up_to=None, packages_select_build_failed=False, packages_skip_build_finished=False, packages_select_test_failures=False, packages_skip_test_passed=False, packages_select=None, packages_skip=None, packages_select_regex=None, packages_skip_regex=None, packages_start=None, packages_end=None, allow_overriding=[], cmake_args=None, cmake_target=None, cmake_target_skip_unavailable=False, cmake_clean_cache=False, cmake_clean_first=False, cmake_force_configure=False, ament_cmake_args=None, catkin_cmake_args=None, catkin_skip_building_tests=False, mixin_files=None, mixin=None, verb_parser=<colcon_mixin.mixin.mixin_argument.MixinArgumentDecorator object at 0x77e9641cc260>, verb_extension=<colcon_core.verb.build.BuildVerb object at 0x77e96419bb90>, main=<bound method BuildVerb.main of <colcon_core.verb.build.BuildVerb object at 0x77e96419bb90>>, mixin_verb=('build',))
[0.128s] Level 1:colcon.colcon_core.package_discovery:discover_packages(colcon_meta) check parameters
[0.128s] Level 1:colcon.colcon_core.package_discovery:discover_packages(recursive) check parameters
[0.128s] Level 1:colcon.colcon_core.package_discovery:discover_packages(ignore) check parameters
[0.128s] Level 1:colcon.colcon_core.package_discovery:discover_packages(path) check parameters
[0.128s] Level 1:colcon.colcon_core.package_discovery:discover_packages(colcon_meta) discover
[0.129s] Level 1:colcon.colcon_core.package_discovery:discover_packages(recursive) discover
[0.129s] INFO:colcon.colcon_core.package_discovery:Crawling recursively for packages in '/home/chirag/Aerospace/ROS2/autonomy_ws'
[0.129s] Level 1:colcon.colcon_core.package_identification:_identify(.) by extensions ['ignore', 'ignore_ament_install']
[0.129s] Level 1:colcon.colcon_core.package_identification:_identify(.) by extension 'ignore'
[0.129s] Level 1:colcon.colcon_core.package_identification:_identify(.) by extension 'ignore_ament_install'
[0.129s] Level 1:colcon.colcon_core.package_identification:_identify(.) by extensions ['colcon_pkg']
[0.129s] Level 1:colcon.colcon_core.package_identification:_identify(.) by extension 'colcon_pkg'
[0.129s] Level 1:colcon.colcon_core.package_identification:_identify(.) by extensions ['colcon_meta']
[0.129s] Level 1:colcon.colcon_core.package_identification:_identify(.) by extension 'colcon_meta'
[0.129s] Level 1:colcon.colcon_core.package_identification:_identify(.) by extensions ['ros']
[0.129s] Level 1:colcon.colcon_core.package_identification:_identify(.) by extension 'ros'
[0.149s] Level 1:colcon.colcon_core.package_identification:_identify(.) by extensions ['cmake', 'python']
[0.150s] Level 1:colcon.colcon_core.package_identification:_identify(.) by extension 'cmake'
[0.150s] Level 1:colcon.colcon_core.package_identification:_identify(.) by extension 'python'
[0.150s] Level 1:colcon.colcon_core.package_identification:_identify(.) by extensions ['python_setup_py']
[0.150s] Level 1:colcon.colcon_core.package_identification:_identify(.) by extension 'python_setup_py'
[0.150s] Level 1:colcon.colcon_core.package_identification:_identify(build) by extensions ['ignore', 'ignore_ament_install']
[0.150s] Level 1:colcon.colcon_core.package_identification:_identify(build) by extension 'ignore'
[0.150s] Level 1:colcon.colcon_core.package_identification:_identify(build) ignored
[0.150s] Level 1:colcon.colcon_core.package_identification:_identify(install) by extensions ['ignore', 'ignore_ament_install']
[0.150s] Level 1:colcon.colcon_core.package_identification:_identify(install) by extension 'ignore'
[0.150s] Level 1:colcon.colcon_core.package_identification:_identify(install) ignored
[0.150s] Level 1:colcon.colcon_core.package_identification:_identify(log) by extensions ['ignore', 'ignore_ament_install']
[0.150s] Level 1:colcon.colcon_core.package_identification:_identify(log) by extension 'ignore'
[0.150s] Level 1:colcon.colcon_core.package_identification:_identify(log) ignored
[0.150s] Level 1:colcon.colcon_core.package_identification:_identify(src) by extensions ['ignore', 'ignore_ament_install']
[0.150s] Level 1:colcon.colcon_core.package_identification:_identify(src) by extension 'ignore'
[0.150s] Level 1:colcon.colcon_core.package_identification:_identify(src) by extension 'ignore_ament_install'
[0.150s] Level 1:colcon.colcon_core.package_identification:_identify(src) by extensions ['colcon_pkg']
[0.150s] Level 1:colcon.colcon_core.package_identification:_identify(src) by extension 'colcon_pkg'
[0.150s] Level 1:colcon.colcon_core.package_identification:_identify(src) by extensions ['colcon_meta']
[0.150s] Level 1:colcon.colcon_core.package_identification:_identify(src) by extension 'colcon_meta'
[0.150s] Level 1:colcon.colcon_core.package_identification:_identify(src) by extensions ['ros']
[0.150s] Level 1:colcon.colcon_core.package_identification:_identify(src) by extension 'ros'
[0.150s] Level 1:colcon.colcon_core.package_identification:_identify(src) by extensions ['cmake', 'python']
[0.151s] Level 1:colcon.colcon_core.package_identification:_identify(src) by extension 'cmake'
[0.151s] Level 1:colcon.colcon_core.package_identification:_identify(src) by extension 'python'
[0.151s] Level 1:colcon.colcon_core.package_identification:_identify(src) by extensions ['python_setup_py']
[0.151s] Level 1:colcon.colcon_core.package_identification:_identify(src) by extension 'python_setup_py'
[0.151s] Level 1:colcon.colcon_core.package_identification:_identify(src/px4_command_node) by extensions ['ignore', 'ignore_ament_install']
[0.151s] Level 1:colcon.colcon_core.package_identification:_identify(src/px4_command_node) by extension 'ignore'
[0.151s] Level 1:colcon.colcon_core.package_identification:_identify(src/px4_command_node) by extension 'ignore_ament_install'
[0.151s] Level 1:colcon.colcon_core.package_identification:_identify(src/px4_command_node) by extensions ['colcon_pkg']
[0.151s] Level 1:colcon.colcon_core.package_identification:_identify(src/px4_command_node) by extension 'colcon_pkg'
[0.151s] Level 1:colcon.colcon_core.package_identification:_identify(src/px4_command_node) by extensions ['colcon_meta']
[0.151s] Level 1:colcon.colcon_core.package_identification:_identify(src/px4_command_node) by extension 'colcon_meta'
[0.151s] Level 1:colcon.colcon_core.package_identification:_identify(src/px4_command_node) by extensions ['ros']
[0.151s] Level 1:colcon.colcon_core.package_identification:_identify(src/px4_command_node) by extension 'ros'
[0.153s] DEBUG:colcon.colcon_core.package_identification:Package 'src/px4_command_node' with type 'ros.ament_python' and name 'px4_command_node'
[0.153s] Level 1:colcon.colcon_core.package_identification:_identify(src/px4_mission_node) by extensions ['ignore', 'ignore_ament_install']
[0.153s] Level 1:colcon.colcon_core.package_identification:_identify(src/px4_mission_node) by extension 'ignore'
[0.153s] Level 1:colcon.colcon_core.package_identification:_identify(src/px4_mission_node) by extension 'ignore_ament_install'
[0.153s] Level 1:colcon.colcon_core.package_identification:_identify(src/px4_mission_node) by extensions ['colcon_pkg']
[0.153s] Level 1:colcon.colcon_core.package_identification:_identify(src/px4_mission_node) by extension 'colcon_pkg'
[0.153s] Level 1:colcon.colcon_core.package_identification:_identify(src/px4_mission_node) by extensions ['colcon_meta']
[0.153s] Level 1:colcon.colcon_core.package_identification:_identify(src/px4_mission_node) by extension 'colcon_meta'
[0.153s] Level 1:colcon.colcon_core.package_identification:_identify(src/px4_mission_node) by extensions ['ros']
[0.153s] Level 1:colcon.colcon_core.package_identification:_identify(src/px4_mission_node) by extension 'ros'
[0.154s] DEBUG:colcon.colcon_core.package_identification:Package 'src/px4_mission_node' with type 'ros.ament_python' and name 'px4_mission_node'
[0.154s] Level 1:colcon.colcon_core.package_identification:_identify(src/px4_msgs) by extensions ['ignore', 'ignore_ament_install']
[0.154s] Level 1:colcon.colcon_core.package_identification:_identify(src/px4_msgs) by extension 'ignore'
[0.154s] Level 1:colcon.colcon_core.package_identification:_identify(src/px4_msgs) by extension 'ignore_ament_install'
[0.154s] Level 1:colcon.colcon_core.package_identification:_identify(src/px4_msgs) by extensions ['colcon_pkg']
[0.154s] Level 1:colcon.colcon_core.package_identification:_identify(src/px4_msgs) by extension 'colcon_pkg'
[0.154s] Level 1:colcon.colcon_core.package_identification:_identify(src/px4_msgs) by extensions ['colcon_meta']
[0.154s] Level 1:colcon.colcon_core.package_identification:_identify(src/px4_msgs) by extension 'colcon_meta'
[0.154s] Level 1:colcon.colcon_core.package_identification:_identify(src/px4_msgs) by extensions ['ros']
[0.154s] Level 1:colcon.colcon_core.package_identification:_identify(src/px4_msgs) by extension 'ros'
[0.154s] DEBUG:colcon.colcon_core.package_identification:Package 'src/px4_msgs' with type 'ros.ament_cmake' and name 'px4_msgs'
[0.154s] Level 1:colcon.colcon_core.package_identification:_identify(src/px4_telemetry_node) by extensions ['ignore', 'ignore_ament_install']
[0.154s] Level 1:colcon.colcon_core.package_identification:_identify(src/px4_telemetry_node) by extension 'ignore'
[0.155s] Level 1:colcon.colcon_core.package_identification:_identify(src/px4_telemetry_node) by extension 'ignore_ament_install'
[0.155s] Level 1:colcon.colcon_core.package_identification:_identify(src/px4_telemetry_node) by extensions ['colcon_pkg']
[0.155s] Level 1:colcon.colcon_core.package_identification:_identify(src/px4_telemetry_node) by extension 'colcon_pkg'
[0.155s] Level 1:colcon.colcon_core.package_identification:_identify(src/px4_telemetry_node) by extensions ['colcon_meta']
[0.155s] Level 1:colcon.colcon_core.package_identification:_identify(src/px4_telemetry_node) by extension 'colcon_meta'
[0.155s] Level 1:colcon.colcon_core.package_identification:_identify(src/px4_telemetry_node) by extensions ['ros']
[0.155s] Level 1:colcon.colcon_core.package_identification:_identify(src/px4_telemetry_node) by extension 'ros'
[0.155s] DEBUG:colcon.colcon_core.package_identification:Package 'src/px4_telemetry_node' with type 'ros.ament_python' and name 'px4_telemetry_node'
[0.155s] Level 1:colcon.colcon_core.package_identification:_identify(src/telemetry_node) by extensions ['ignore', 'ignore_ament_install']
[0.155s] Level 1:colcon.colcon_core.package_identification:_identify(src/telemetry_node) by extension 'ignore'
[0.155s] Level 1:colcon.colcon_core.package_identification:_identify(src/telemetry_node) by extension 'ignore_ament_install'
[0.155s] Level 1:colcon.colcon_core.package_identification:_identify(src/telemetry_node) by extensions ['colcon_pkg']
[0.155s] Level 1:colcon.colcon_core.package_identification:_identify(src/telemetry_node) by extension 'colcon_pkg'
[0.155s] Level 1:colcon.colcon_core.package_identification:_identify(src/telemetry_node) by extensions ['colcon_meta']
[0.155s] Level 1:colcon.colcon_core.package_identification:_identify(src/telemetry_node) by extension 'colcon_meta'
[0.155s] Level 1:colcon.colcon_core.package_identification:_identify(src/telemetry_node) by extensions ['ros']
[0.155s] Level 1:colcon.colcon_core.package_identification:_identify(src/telemetry_node) by extension 'ros'
[0.156s] DEBUG:colcon.colcon_core.package_identification:Package 'src/telemetry_node' with type 'ros.ament_python' and name 'telemetry_node'
[0.156s] Level 1:colcon.colcon_core.package_discovery:discover_packages(recursive) using defaults
[0.156s] Level 1:colcon.colcon_core.package_discovery:discover_packages(ignore) discover
[0.156s] Level 1:colcon.colcon_core.package_discovery:discover_packages(ignore) using defaults
[0.156s] Level 1:colcon.colcon_core.package_discovery:discover_packages(path) discover
[0.156s] Level 1:colcon.colcon_core.package_discovery:discover_packages(path) using defaults
[0.171s] Level 1:colcon.colcon_core.package_discovery:discover_packages(prefix_path) check parameters
[0.171s] Level 1:colcon.colcon_core.package_discovery:discover_packages(prefix_path) discover
[0.174s] DEBUG:colcon.colcon_installed_package_information.package_discovery:Found 5 installed packages in /home/chirag/Aerospace/ROS2/autonomy_ws/install
[0.174s] DEBUG:colcon.colcon_installed_package_information.package_discovery:Found 2 installed packages in /home/chirag/Aerospace/ros2_ws/install
[0.175s] DEBUG:colcon.colcon_installed_package_information.package_discovery:Found 326 installed packages in /opt/ros/jazzy
[0.177s] Level 1:colcon.colcon_core.package_discovery:discover_packages(prefix_path) using defaults
[0.207s] WARNING:colcon.colcon_core.package_selection:Some selected packages are already built in one or more underlay workspaces:
	'px4_msgs' is in: /home/chirag/Aerospace/ros2_ws/install/px4_msgs, /home/chirag/Aerospace/ROS2/autonomy_ws/install/px4_msgs
If a package in a merged underlay workspace is overridden and it installs headers, then all packages in the overlay must sort their include directories by workspace order. Failure to do so may result in build failures or undefined behavior at run time.
If the overridden package is used by another package in any underlay, then the overriding package in the overlay must be API and ABI compatible or undefined behavior at run time may occur.

If you understand the risks and want to override a package anyways, add the following to the command line:
	--allow-overriding px4_msgs

This may be promoted to an error in a future release of colcon-override-check.
[0.209s] Level 5:colcon.colcon_core.verb:set package 'px4_msgs' build argument 'cmake_args' from command line to 'None'
[0.209s] Level 5:colcon.colcon_core.verb:set package 'px4_msgs' build argument 'cmake_target' from command line to 'None'
[0.209s] Level 5:colcon.colcon_core.verb:set package 'px4_msgs' build argument 'cmake_target_skip_unavailable' from command line to 'False'
[0.209s] Level 5:colcon.colcon_core.verb:set package 'px4_msgs' build argument 'cmake_clean_cache' from command line to 'False'
[0.209s] Level 5:colcon.colcon_core.verb:set package 'px4_msgs' build argument 'cmake_clean_first' from command line to 'False'
[0.209s] Level 5:colcon.colcon_core.verb:set package 'px4_msgs' build argument 'cmake_force_configure' from command line to 'False'
[0.209s] Level 5:colcon.colcon_core.verb:set package 'px4_msgs' build argument 'ament_cmake_args' from command line to 'None'
[0.209s] Level 5:colcon.colcon_core.verb:set package 'px4_msgs' build argument 'catkin_cmake_args' from command line to 'None'
[0.209s] Level 5:colcon.colcon_core.verb:set package 'px4_msgs' build argument 'catkin_skip_building_tests' from command line to 'False'
[0.209s] DEBUG:colcon.colcon_core.verb:Building package 'px4_msgs' with the following arguments: {'ament_cmake_args': None, 'build_base': '/home/chirag/Aerospace/ROS2/autonomy_ws/build/px4_msgs', 'catkin_cmake_args': None, 'catkin_skip_building_tests': False, 'cmake_args': None, 'cmake_clean_cache': False, 'cmake_clean_first': False, 'cmake_force_configure': False, 'cmake_target': None, 'cmake_target_skip_unavailable': False, 'install_base': '/home/chirag/Aerospace/ROS2/autonomy_ws/install/px4_msgs', 'merge_install': False, 'path': '/home/chirag/Aerospace/ROS2/autonomy_ws/src/px4_msgs', 'symlink_install': False, 'test_result_base': None}
[0.209s] Level 5:colcon.colcon_core.verb:set package 'telemetry_node' build argument 'cmake_args' from command line to 'None'
[0.209s] Level 5:colcon.colcon_core.verb:set package 'telemetry_node' build argument 'cmake_target' from command line to 'None'
[0.209s] Level 5:colcon.colcon_core.verb:set package 'telemetry_node' build argument 'cmake_target_skip_unavailable' from command line to 'False'
[0.209s] Level 5:colcon.colcon_core.verb:set package 'telemetry_node' build argument 'cmake_clean_cache' from command line to 'False'
[0.209s] Level 5:colcon.colcon_core.verb:set package 'telemetry_node' build argument 'cmake_clean_first' from command line to 'False'
[0.209s] Level 5:colcon.colcon_core.verb:set package 'telemetry_node' build argument 'cmake_force_configure' from command line to 'False'
[0.209s] Level 5:colcon.colcon_core.verb:set package 'telemetry_node' build argument 'ament_cmake_args' from command line to 'None'
[0.209s] Level 5:colcon.colcon_core.verb:set package 'telemetry_node' build argument 'catkin_cmake_args' from command line to 'None'
[0.209s] Level 5:colcon.colcon_core.verb:set package 'telemetry_node' build argument 'catkin_skip_building_tests' from command line to 'False'
[0.209s] DEBUG:colcon.colcon_core.verb:Building package 'telemetry_node' with the following arguments: {'ament_cmake_args': None, 'build_base': '/home/chirag/Aerospace/ROS2/autonomy_ws/build/telemetry_node', 'catkin_cmake_args': None, 'catkin_skip_building_tests': False, 'cmake_args': None, 'cmake_clean_cache': False, 'cmake_clean_first': False, 'cmake_force_configure': False, 'cmake_target': None, 'cmake_target_skip_unavailable': False, 'install_base': '/home/chirag/Aerospace/ROS2/autonomy_ws/install/telemetry_node', 'merge_install': False, 'path': '/home/chirag/Aerospace/ROS2/autonomy_ws/src/telemetry_node', 'symlink_install': False, 'test_result_base': None}
[0.210s] Level 5:colcon.colcon_core.verb:set package 'px4_command_node' build argument 'cmake_args' from command line to 'None'
[0.210s] Level 5:colcon.colcon_core.verb:set package 'px4_command_node' build argument 'cmake_target' from command line to 'None'
[0.210s] Level 5:colcon.colcon_core.verb:set package 'px4_command_node' build argument 'cmake_target_skip_unavailable' from command line to 'False'
[0.210s] Level 5:colcon.colcon_core.verb:set package 'px4_command_node' build argument 'cmake_clean_cache' from command line to 'False'
[0.210s] Level 5:colcon.colcon_core.verb:set package 'px4_command_node' build argument 'cmake_clean_first' from command line to 'False'
[0.210s] Level 5:colcon.colcon_core.verb:set package 'px4_command_node' build argument 'cmake_force_configure' from command line to 'False'
[0.210s] Level 5:colcon.colcon_core.verb:set package 'px4_command_node' build argument 'ament_cmake_args' from command line to 'None'
[0.210s] Level 5:colcon.colcon_core.verb:set package 'px4_command_node' build argument 'catkin_cmake_args' from command line to 'None'
[0.210s] Level 5:colcon.colcon_core.verb:set package 'px4_command_node' build argument 'catkin_skip_building_tests' from command line to 'False'
[0.210s] DEBUG:colcon.colcon_core.verb:Building package 'px4_command_node' with the following arguments: {'ament_cmake_args': None, 'build_base': '/home/chirag/Aerospace/ROS2/autonomy_ws/build/px4_command_node', 'catkin_cmake_args': None, 'catkin_skip_building_tests': False, 'cmake_args': None, 'cmake_clean_cache': False, 'cmake_clean_first': False, 'cmake_force_configure': False, 'cmake_target': None, 'cmake_target_skip_unavailable': False, 'install_base': '/home/chirag/Aerospace/ROS2/autonomy_ws/install/px4_command_node', 'merge_install': False, 'path': '/home/chirag/Aerospace/ROS2/autonomy_ws/src/px4_command_node', 'symlink_install': False, 'test_result_base': None}
[0.211s] Level 5:colcon.colcon_core.verb:set package 'px4_mission_node' build argument 'cmake_args' from command line to 'None'
[0.211s] Level 5:colcon.colcon_core.verb:set package 'px4_mission_node' build argument 'cmake_target' from command line to 'None'
[0.211s] Level 5:colcon.colcon_core.verb:set package 'px4_mission_node' build argument 'cmake_target_skip_unavailable' from command line to 'False'
[0.211s] Level 5:colcon.colcon_core.verb:set package 'px4_mission_node' build argument 'cmake_clean_cache' from command line to 'False'
[0.211s] Level 5:colcon.colcon_core.verb:set package 'px4_mission_node' build argument 'cmake_clean_first' from command line to 'False'
[0.211s] Level 5:colcon.colcon_core.verb:set package 'px4_mission_node' build argument 'cmake_force_configure' from command line to 'False'
[0.211s] Level 5:colcon.colcon_core.verb:set package 'px4_mission_node' build argument 'ament_cmake_args' from command line to 'None'
[0.211s] Level 5:colcon.colcon_core.verb:set package 'px4_mission_node' build argument 'catkin_cmake_args' from command line to 'None'
[0.211s] Level 5:colcon.colcon_core.verb:set package 'px4_mission_node' build argument 'catkin_skip_building_tests' from command line to 'False'
[0.211s] DEBUG:colcon.colcon_core.verb:Building package 'px4_mission_node' with the following arguments: {'ament_cmake_args': None, 'build_base': '/home/chirag/Aerospace/ROS2/autonomy_ws/build/px4_mission_node', 'catkin_cmake_args': None, 'catkin_skip_building_tests': False, 'cmake_args': None, 'cmake_clean_cache': False, 'cmake_clean_first': False, 'cmake_force_configure': False, 'cmake_target': None, 'cmake_target_skip_unavailable': False, 'install_base': '/home/chirag/Aerospace/ROS2/autonomy_ws/install/px4_mission_node', 'merge_install': False, 'path': '/home/chirag/Aerospace/ROS2/autonomy_ws/src/px4_mission_node', 'symlink_install': False, 'test_result_base': None}
[0.211s] Level 5:colcon.colcon_core.verb:set package 'px4_telemetry_node' build argument 'cmake_args' from command line to 'None'
[0.211s] Level 5:colcon.colcon_core.verb:set package 'px4_telemetry_node' build argument 'cmake_target' from command line to 'None'
[0.211s] Level 5:colcon.colcon_core.verb:set package 'px4_telemetry_node' build argument 'cmake_target_skip_unavailable' from command line to 'False'
[0.211s] Level 5:colcon.colcon_core.verb:set package 'px4_telemetry_node' build argument 'cmake_clean_cache' from command line to 'False'
[0.211s] Level 5:colcon.colcon_core.verb:set package 'px4_telemetry_node' build argument 'cmake_clean_first' from command line to 'False'
[0.211s] Level 5:colcon.colcon_core.verb:set package 'px4_telemetry_node' build argument 'cmake_force_configure' from command line to 'False'
[0.211s] Level 5:colcon.colcon_core.verb:set package 'px4_telemetry_node' build argument 'ament_cmake_args' from command line to 'None'
[0.211s] Level 5:colcon.colcon_core.verb:set package 'px4_telemetry_node' build argument 'catkin_cmake_args' from command line to 'None'
[0.211s] Level 5:colcon.colcon_core.verb:set package 'px4_telemetry_node' build argument 'catkin_skip_building_tests' from command line to 'False'
[0.211s] DEBUG:colcon.colcon_core.verb:Building package 'px4_telemetry_node' with the following arguments: {'ament_cmake_args': None, 'build_base': '/home/chirag/Aerospace/ROS2/autonomy_ws/build/px4_telemetry_node', 'catkin_cmake_args': None, 'catkin_skip_building_tests': False, 'cmake_args': None, 'cmake_clean_cache': False, 'cmake_clean_first': False, 'cmake_force_configure': False, 'cmake_target': None, 'cmake_target_skip_unavailable': False, 'install_base': '/home/chirag/Aerospace/ROS2/autonomy_ws/install/px4_telemetry_node', 'merge_install': False, 'path': '/home/chirag/Aerospace/ROS2/autonomy_ws/src/px4_telemetry_node', 'symlink_install': False, 'test_result_base': None}
[0.211s] INFO:colcon.colcon_core.executor:Executing jobs using 'parallel' executor
[0.212s] DEBUG:colcon.colcon_parallel_executor.executor.parallel:run_until_complete
[0.213s] INFO:colcon.colcon_ros.task.ament_cmake.build:Building ROS package in '/home/chirag/Aerospace/ROS2/autonomy_ws/src/px4_msgs' with build type 'ament_cmake'
[0.213s] INFO:colcon.colcon_cmake.task.cmake.build:Building CMake package in '/home/chirag/Aerospace/ROS2/autonomy_ws/src/px4_msgs'
[0.214s] INFO:colcon.colcon_core.plugin_system:Skipping extension 'colcon_core.shell.bat': Not used on non-Windows systems
[0.214s] INFO:colcon.colcon_core.shell:Skip shell extension 'powershell' for command environment: Not usable outside of PowerShell
[0.214s] DEBUG:colcon.colcon_core.shell:Skip shell extension 'dsv' for command environment
[0.218s] INFO:colcon.colcon_ros.task.ament_python.build:Building ROS package in '/home/chirag/Aerospace/ROS2/autonomy_ws/src/telemetry_node' with build type 'ament_python'
[0.219s] Level 1:colcon.colcon_core.shell:create_environment_hook('telemetry_node', 'ament_prefix_path')
[0.219s] INFO:colcon.colcon_core.shell:Creating environment hook '/home/chirag/Aerospace/ROS2/autonomy_ws/install/telemetry_node/share/telemetry_node/hook/ament_prefix_path.ps1'
[0.219s] INFO:colcon.colcon_core.shell:Creating environment descriptor '/home/chirag/Aerospace/ROS2/autonomy_ws/install/telemetry_node/share/telemetry_node/hook/ament_prefix_path.dsv'
[0.220s] INFO:colcon.colcon_core.shell:Creating environment hook '/home/chirag/Aerospace/ROS2/autonomy_ws/install/telemetry_node/share/telemetry_node/hook/ament_prefix_path.sh'
[0.220s] INFO:colcon.colcon_core.shell:Skip shell extension 'powershell' for command environment: Not usable outside of PowerShell
[0.220s] DEBUG:colcon.colcon_core.shell:Skip shell extension 'dsv' for command environment
[0.227s] DEBUG:colcon.colcon_core.event_handler.log_command:Invoking command in '/home/chirag/Aerospace/ROS2/autonomy_ws/build/px4_msgs': CMAKE_PREFIX_PATH=${CMAKE_PREFIX_PATH}:/home/chirag/Aerospace/ROS2/autonomy_ws/install/telemetry_node:/home/chirag/Aerospace/ROS2/autonomy_ws/install/px4_telemetry_node:/home/chirag/Aerospace/ROS2/autonomy_ws/install/px4_mission_node:/home/chirag/Aerospace/ROS2/autonomy_ws/install/px4_command_node:/home/chirag/Aerospace/ros2_ws/install/telemetry_monitor:/opt/ros/jazzy DEBUGINFOD_URLS=https://debuginfod.ubuntu.com /usr/bin/cmake --build /home/chirag/Aerospace/ROS2/autonomy_ws/build/px4_msgs -- -j32 -l32
[0.409s] INFO:colcon.colcon_core.task.python.build:Building Python package in '/home/chirag/Aerospace/ROS2/autonomy_ws/src/telemetry_node'
[0.409s] INFO:colcon.colcon_core.shell:Skip shell extension 'powershell' for command environment: Not usable outside of PowerShell
[0.409s] DEBUG:colcon.colcon_core.shell:Skip shell extension 'dsv' for command environment
[0.932s] DEBUG:colcon.colcon_core.event_handler.log_command:Invoking command in '/home/chirag/Aerospace/ROS2/autonomy_ws/src/telemetry_node': DEBUGINFOD_URLS=https://debuginfod.ubuntu.com PYTHONPATH=/home/chirag/Aerospace/ROS2/autonomy_ws/build/telemetry_node/prefix_override:/usr/lib/python3/dist-packages/colcon_core/task/python/colcon_distutils_commands:/home/chirag/Aerospace/ROS2/autonomy_ws/install/telemetry_node/lib/python3.12/site-packages:${PYTHONPATH} /usr/bin/python3 -W ignore:setup.py install is deprecated -W ignore:easy_install command is deprecated setup.py egg_info --egg-base ../../build/telemetry_node build --build-base /home/chirag/Aerospace/ROS2/autonomy_ws/build/telemetry_node/build install --record /home/chirag/Aerospace/ROS2/autonomy_ws/build/telemetry_node/install.log --single-version-externally-managed install_data
[1.434s] DEBUG:colcon.colcon_core.event_handler.log_command:Invoked command in '/home/chirag/Aerospace/ROS2/autonomy_ws/src/telemetry_node' returned '0': DEBUGINFOD_URLS=https://debuginfod.ubuntu.com PYTHONPATH=/home/chirag/Aerospace/ROS2/autonomy_ws/build/telemetry_node/prefix_override:/usr/lib/python3/dist-packages/colcon_core/task/python/colcon_distutils_commands:/home/chirag/Aerospace/ROS2/autonomy_ws/install/telemetry_node/lib/python3.12/site-packages:${PYTHONPATH} /usr/bin/python3 -W ignore:setup.py install is deprecated -W ignore:easy_install command is deprecated setup.py egg_info --egg-base ../../build/telemetry_node build --build-base /home/chirag/Aerospace/ROS2/autonomy_ws/build/telemetry_node/build install --record /home/chirag/Aerospace/ROS2/autonomy_ws/build/telemetry_node/install.log --single-version-externally-managed install_data
[1.437s] Level 1:colcon.colcon_core.environment:checking '/home/chirag/Aerospace/ROS2/autonomy_ws/install/telemetry_node' for CMake module files
[1.437s] Level 1:colcon.colcon_core.environment:checking '/home/chirag/Aerospace/ROS2/autonomy_ws/install/telemetry_node' for CMake config files
[1.438s] Level 1:colcon.colcon_core.environment:checking '/home/chirag/Aerospace/ROS2/autonomy_ws/install/telemetry_node/lib'
[1.438s] Level 1:colcon.colcon_core.environment:checking '/home/chirag/Aerospace/ROS2/autonomy_ws/install/telemetry_node/bin'
[1.438s] Level 1:colcon.colcon_core.environment:checking '/home/chirag/Aerospace/ROS2/autonomy_ws/install/telemetry_node/lib/pkgconfig/telemetry_node.pc'
[1.438s] Level 1:colcon.colcon_core.environment:checking '/home/chirag/Aerospace/ROS2/autonomy_ws/install/telemetry_node/lib/python3.12/site-packages'
[1.438s] Level 1:colcon.colcon_core.shell:create_environment_hook('telemetry_node', 'pythonpath')
[1.438s] INFO:colcon.colcon_core.shell:Creating environment hook '/home/chirag/Aerospace/ROS2/autonomy_ws/install/telemetry_node/share/telemetry_node/hook/pythonpath.ps1'
[1.439s] INFO:colcon.colcon_core.shell:Creating environment descriptor '/home/chirag/Aerospace/ROS2/autonomy_ws/install/telemetry_node/share/telemetry_node/hook/pythonpath.dsv'
[1.440s] INFO:colcon.colcon_core.shell:Creating environment hook '/home/chirag/Aerospace/ROS2/autonomy_ws/install/telemetry_node/share/telemetry_node/hook/pythonpath.sh'
[1.440s] Level 1:colcon.colcon_core.environment:checking '/home/chirag/Aerospace/ROS2/autonomy_ws/install/telemetry_node/bin'
[1.440s] Level 1:colcon.colcon_core.environment:create_environment_scripts_only(telemetry_node)
[1.441s] INFO:colcon.colcon_core.shell:Creating package script '/home/chirag/Aerospace/ROS2/autonomy_ws/install/telemetry_node/share/telemetry_node/package.ps1'
[1.442s] INFO:colcon.colcon_core.shell:Creating package descriptor '/home/chirag/Aerospace/ROS2/autonomy_ws/install/telemetry_node/share/telemetry_node/package.dsv'
[1.442s] INFO:colcon.colcon_core.shell:Creating package script '/home/chirag/Aerospace/ROS2/autonomy_ws/install/telemetry_node/share/telemetry_node/package.sh'
[1.442s] INFO:colcon.colcon_core.shell:Creating package script '/home/chirag/Aerospace/ROS2/autonomy_ws/install/telemetry_node/share/telemetry_node/package.bash'
[1.443s] INFO:colcon.colcon_core.shell:Creating package script '/home/chirag/Aerospace/ROS2/autonomy_ws/install/telemetry_node/share/telemetry_node/package.zsh'
[1.443s] Level 1:colcon.colcon_core.environment:create_file_with_runtime_dependencies(/home/chirag/Aerospace/ROS2/autonomy_ws/install/telemetry_node/share/colcon-core/packages/telemetry_node)
[1.690s] DEBUG:colcon.colcon_core.event_handler.log_command:Invoked command in '/home/chirag/Aerospace/ROS2/autonomy_ws/build/px4_msgs' returned '0': CMAKE_PREFIX_PATH=${CMAKE_PREFIX_PATH}:/home/chirag/Aerospace/ROS2/autonomy_ws/install/telemetry_node:/home/chirag/Aerospace/ROS2/autonomy_ws/install/px4_telemetry_node:/home/chirag/Aerospace/ROS2/autonomy_ws/install/px4_mission_node:/home/chirag/Aerospace/ROS2/autonomy_ws/install/px4_command_node:/home/chirag/Aerospace/ros2_ws/install/telemetry_monitor:/opt/ros/jazzy DEBUGINFOD_URLS=https://debuginfod.ubuntu.com /usr/bin/cmake --build /home/chirag/Aerospace/ROS2/autonomy_ws/build/px4_msgs -- -j32 -l32
[1.702s] DEBUG:colcon.colcon_core.event_handler.log_command:Invoking command in '/home/chirag/Aerospace/ROS2/autonomy_ws/build/px4_msgs': CMAKE_PREFIX_PATH=${CMAKE_PREFIX_PATH}:/home/chirag/Aerospace/ROS2/autonomy_ws/install/telemetry_node:/home/chirag/Aerospace/ROS2/autonomy_ws/install/px4_telemetry_node:/home/chirag/Aerospace/ROS2/autonomy_ws/install/px4_mission_node:/home/chirag/Aerospace/ROS2/autonomy_ws/install/px4_command_node:/home/chirag/Aerospace/ros2_ws/install/telemetry_monitor:/opt/ros/jazzy DEBUGINFOD_URLS=https://debuginfod.ubuntu.com /usr/bin/cmake --install /home/chirag/Aerospace/ROS2/autonomy_ws/build/px4_msgs
[2.330s] Level 1:colcon.colcon_core.environment:create_environment_scripts_only(px4_msgs)
[2.330s] Level 1:colcon.colcon_core.environment:checking '/home/chirag/Aerospace/ROS2/autonomy_ws/install/px4_msgs' for CMake module files
[2.331s] DEBUG:colcon.colcon_core.event_handler.log_command:Invoked command in '/home/chirag/Aerospace/ROS2/autonomy_ws/build/px4_msgs' returned '0': CMAKE_PREFIX_PATH=${CMAKE_PREFIX_PATH}:/home/chirag/Aerospace/ROS2/autonomy_ws/install/telemetry_node:/home/chirag/Aerospace/ROS2/autonomy_ws/install/px4_telemetry_node:/home/chirag/Aerospace/ROS2/autonomy_ws/install/px4_mission_node:/home/chirag/Aerospace/ROS2/autonomy_ws/install/px4_command_node:/home/chirag/Aerospace/ros2_ws/install/telemetry_monitor:/opt/ros/jazzy DEBUGINFOD_URLS=https://debuginfod.ubuntu.com /usr/bin/cmake --install /home/chirag/Aerospace/ROS2/autonomy_ws/build/px4_msgs
[2.332s] Level 1:colcon.colcon_core.environment:checking '/home/chirag/Aerospace/ROS2/autonomy_ws/install/px4_msgs' for CMake config files
[2.333s] Level 1:colcon.colcon_core.shell:create_environment_hook('px4_msgs', 'cmake_prefix_path')
[2.333s] INFO:colcon.colcon_core.shell:Creating environment hook '/home/chirag/Aerospace/ROS2/autonomy_ws/install/px4_msgs/share/px4_msgs/hook/cmake_prefix_path.ps1'
[2.333s] INFO:colcon.colcon_core.shell:Creating environment descriptor '/home/chirag/Aerospace/ROS2/autonomy_ws/install/px4_msgs/share/px4_msgs/hook/cmake_prefix_path.dsv'
[2.334s] INFO:colcon.colcon_core.shell:Creating environment hook '/home/chirag/Aerospace/ROS2/autonomy_ws/install/px4_msgs/share/px4_msgs/hook/cmake_prefix_path.sh'
[2.334s] Level 1:colcon.colcon_core.environment:checking '/home/chirag/Aerospace/ROS2/autonomy_ws/install/px4_msgs/lib'
[2.334s] Level 1:colcon.colcon_core.shell:create_environment_hook('px4_msgs', 'ld_library_path_lib')
[2.334s] INFO:colcon.colcon_core.shell:Creating environment hook '/home/chirag/Aerospace/ROS2/autonomy_ws/install/px4_msgs/share/px4_msgs/hook/ld_library_path_lib.ps1'
[2.335s] INFO:colcon.colcon_core.shell:Creating environment descriptor '/home/chirag/Aerospace/ROS2/autonomy_ws/install/px4_msgs/share/px4_msgs/hook/ld_library_path_lib.dsv'
[2.335s] INFO:colcon.colcon_core.shell:Creating environment hook '/home/chirag/Aerospace/ROS2/autonomy_ws/install/px4_msgs/share/px4_msgs/hook/ld_library_path_lib.sh'
[2.335s] Level 1:colcon.colcon_core.environment:checking '/home/chirag/Aerospace/ROS2/autonomy_ws/install/px4_msgs/bin'
[2.335s] Level 1:colcon.colcon_core.environment:checking '/home/chirag/Aerospace/ROS2/autonomy_ws/install/px4_msgs/lib/pkgconfig/px4_msgs.pc'
[2.336s] Level 1:colcon.colcon_core.environment:checking '/home/chirag/Aerospace/ROS2/autonomy_ws/install/px4_msgs/lib/python3.12/site-packages'
[2.336s] Level 1:colcon.colcon_core.shell:create_environment_hook('px4_msgs', 'pythonpath')
[2.336s] INFO:colcon.colcon_core.shell:Creating environment hook '/home/chirag/Aerospace/ROS2/autonomy_ws/install/px4_msgs/share/px4_msgs/hook/pythonpath.ps1'
[2.336s] INFO:colcon.colcon_core.shell:Creating environment descriptor '/home/chirag/Aerospace/ROS2/autonomy_ws/install/px4_msgs/share/px4_msgs/hook/pythonpath.dsv'
[2.337s] INFO:colcon.colcon_core.shell:Creating environment hook '/home/chirag/Aerospace/ROS2/autonomy_ws/install/px4_msgs/share/px4_msgs/hook/pythonpath.sh'
[2.337s] Level 1:colcon.colcon_core.environment:checking '/home/chirag/Aerospace/ROS2/autonomy_ws/install/px4_msgs/bin'
[2.337s] INFO:colcon.colcon_core.shell:Creating package script '/home/chirag/Aerospace/ROS2/autonomy_ws/install/px4_msgs/share/px4_msgs/package.ps1'
[2.338s] INFO:colcon.colcon_core.shell:Creating package descriptor '/home/chirag/Aerospace/ROS2/autonomy_ws/install/px4_msgs/share/px4_msgs/package.dsv'
[2.338s] INFO:colcon.colcon_core.shell:Creating package script '/home/chirag/Aerospace/ROS2/autonomy_ws/install/px4_msgs/share/px4_msgs/package.sh'
[2.338s] INFO:colcon.colcon_core.shell:Creating package script '/home/chirag/Aerospace/ROS2/autonomy_ws/install/px4_msgs/share/px4_msgs/package.bash'
[2.339s] INFO:colcon.colcon_core.shell:Creating package script '/home/chirag/Aerospace/ROS2/autonomy_ws/install/px4_msgs/share/px4_msgs/package.zsh'
[2.339s] Level 1:colcon.colcon_core.environment:create_file_with_runtime_dependencies(/home/chirag/Aerospace/ROS2/autonomy_ws/install/px4_msgs/share/colcon-core/packages/px4_msgs)
[2.339s] Level 1:colcon.colcon_core.environment:create_environment_scripts_only(px4_msgs)
[2.339s] Level 1:colcon.colcon_core.environment:checking '/home/chirag/Aerospace/ROS2/autonomy_ws/install/px4_msgs' for CMake module files
[2.340s] Level 1:colcon.colcon_core.environment:checking '/home/chirag/Aerospace/ROS2/autonomy_ws/install/px4_msgs' for CMake config files
[2.340s] Level 1:colcon.colcon_core.shell:create_environment_hook('px4_msgs', 'cmake_prefix_path')
[2.341s] INFO:colcon.colcon_core.shell:Creating environment hook '/home/chirag/Aerospace/ROS2/autonomy_ws/install/px4_msgs/share/px4_msgs/hook/cmake_prefix_path.ps1'
[2.341s] INFO:colcon.colcon_core.shell:Creating environment descriptor '/home/chirag/Aerospace/ROS2/autonomy_ws/install/px4_msgs/share/px4_msgs/hook/cmake_prefix_path.dsv'
[2.341s] INFO:colcon.colcon_core.shell:Creating environment hook '/home/chirag/Aerospace/ROS2/autonomy_ws/install/px4_msgs/share/px4_msgs/hook/cmake_prefix_path.sh'
[2.341s] Level 1:colcon.colcon_core.environment:checking '/home/chirag/Aerospace/ROS2/autonomy_ws/install/px4_msgs/lib'
[2.341s] Level 1:colcon.colcon_core.shell:create_environment_hook('px4_msgs', 'ld_library_path_lib')
[2.341s] INFO:colcon.colcon_core.shell:Creating environment hook '/home/chirag/Aerospace/ROS2/autonomy_ws/install/px4_msgs/share/px4_msgs/hook/ld_library_path_lib.ps1'
[2.342s] INFO:colcon.colcon_core.shell:Creating environment descriptor '/home/chirag/Aerospace/ROS2/autonomy_ws/install/px4_msgs/share/px4_msgs/hook/ld_library_path_lib.dsv'
[2.342s] INFO:colcon.colcon_core.shell:Creating environment hook '/home/chirag/Aerospace/ROS2/autonomy_ws/install/px4_msgs/share/px4_msgs/hook/ld_library_path_lib.sh'
[2.342s] Level 1:colcon.colcon_core.environment:checking '/home/chirag/Aerospace/ROS2/autonomy_ws/install/px4_msgs/bin'
[2.342s] Level 1:colcon.colcon_core.environment:checking '/home/chirag/Aerospace/ROS2/autonomy_ws/install/px4_msgs/lib/pkgconfig/px4_msgs.pc'
[2.342s] Level 1:colcon.colcon_core.environment:checking '/home/chirag/Aerospace/ROS2/autonomy_ws/install/px4_msgs/lib/python3.12/site-packages'
[2.342s] Level 1:colcon.colcon_core.shell:create_environment_hook('px4_msgs', 'pythonpath')
[2.342s] INFO:colcon.colcon_core.shell:Creating environment hook '/home/chirag/Aerospace/ROS2/autonomy_ws/install/px4_msgs/share/px4_msgs/hook/pythonpath.ps1'
[2.343s] INFO:colcon.colcon_core.shell:Creating environment descriptor '/home/chirag/Aerospace/ROS2/autonomy_ws/install/px4_msgs/share/px4_msgs/hook/pythonpath.dsv'
[2.343s] INFO:colcon.colcon_core.shell:Creating environment hook '/home/chirag/Aerospace/ROS2/autonomy_ws/install/px4_msgs/share/px4_msgs/hook/pythonpath.sh'
[2.343s] Level 1:colcon.colcon_core.environment:checking '/home/chirag/Aerospace/ROS2/autonomy_ws/install/px4_msgs/bin'
[2.344s] INFO:colcon.colcon_core.shell:Creating package script '/home/chirag/Aerospace/ROS2/autonomy_ws/install/px4_msgs/share/px4_msgs/package.ps1'
[2.344s] INFO:colcon.colcon_core.shell:Creating package descriptor '/home/chirag/Aerospace/ROS2/autonomy_ws/install/px4_msgs/share/px4_msgs/package.dsv'
[2.344s] INFO:colcon.colcon_core.shell:Creating package script '/home/chirag/Aerospace/ROS2/autonomy_ws/install/px4_msgs/share/px4_msgs/package.sh'
[2.345s] INFO:colcon.colcon_core.shell:Creating package script '/home/chirag/Aerospace/ROS2/autonomy_ws/install/px4_msgs/share/px4_msgs/package.bash'
[2.345s] INFO:colcon.colcon_core.shell:Creating package script '/home/chirag/Aerospace/ROS2/autonomy_ws/install/px4_msgs/share/px4_msgs/package.zsh'
[2.345s] Level 1:colcon.colcon_core.environment:create_file_with_runtime_dependencies(/home/chirag/Aerospace/ROS2/autonomy_ws/install/px4_msgs/share/colcon-core/packages/px4_msgs)
[2.346s] INFO:colcon.colcon_ros.task.ament_python.build:Building ROS package in '/home/chirag/Aerospace/ROS2/autonomy_ws/src/px4_command_node' with build type 'ament_python'
[2.346s] Level 1:colcon.colcon_core.shell:create_environment_hook('px4_command_node', 'ament_prefix_path')
[2.346s] INFO:colcon.colcon_core.shell:Creating environment hook '/home/chirag/Aerospace/ROS2/autonomy_ws/install/px4_command_node/share/px4_command_node/hook/ament_prefix_path.ps1'
[2.346s] INFO:colcon.colcon_core.shell:Creating environment descriptor '/home/chirag/Aerospace/ROS2/autonomy_ws/install/px4_command_node/share/px4_command_node/hook/ament_prefix_path.dsv'
[2.347s] INFO:colcon.colcon_core.shell:Creating environment hook '/home/chirag/Aerospace/ROS2/autonomy_ws/install/px4_command_node/share/px4_command_node/hook/ament_prefix_path.sh'
[2.347s] INFO:colcon.colcon_core.shell:Skip shell extension 'powershell' for command environment: Not usable outside of PowerShell
[2.347s] DEBUG:colcon.colcon_core.shell:Skip shell extension 'dsv' for command environment
[2.350s] INFO:colcon.colcon_ros.task.ament_python.build:Building ROS package in '/home/chirag/Aerospace/ROS2/autonomy_ws/src/px4_mission_node' with build type 'ament_python'
[2.350s] Level 1:colcon.colcon_core.shell:create_environment_hook('px4_mission_node', 'ament_prefix_path')
[2.350s] INFO:colcon.colcon_core.shell:Creating environment hook '/home/chirag/Aerospace/ROS2/autonomy_ws/install/px4_mission_node/share/px4_mission_node/hook/ament_prefix_path.ps1'
[2.351s] INFO:colcon.colcon_core.shell:Creating environment descriptor '/home/chirag/Aerospace/ROS2/autonomy_ws/install/px4_mission_node/share/px4_mission_node/hook/ament_prefix_path.dsv'
[2.351s] INFO:colcon.colcon_core.shell:Creating environment hook '/home/chirag/Aerospace/ROS2/autonomy_ws/install/px4_mission_node/share/px4_mission_node/hook/ament_prefix_path.sh'
[2.351s] INFO:colcon.colcon_core.shell:Skip shell extension 'powershell' for command environment: Not usable outside of PowerShell
[2.351s] DEBUG:colcon.colcon_core.shell:Skip shell extension 'dsv' for command environment
[2.355s] INFO:colcon.colcon_ros.task.ament_python.build:Building ROS package in '/home/chirag/Aerospace/ROS2/autonomy_ws/src/px4_telemetry_node' with build type 'ament_python'
[2.355s] Level 1:colcon.colcon_core.shell:create_environment_hook('px4_telemetry_node', 'ament_prefix_path')
[2.356s] INFO:colcon.colcon_core.shell:Creating environment hook '/home/chirag/Aerospace/ROS2/autonomy_ws/install/px4_telemetry_node/share/px4_telemetry_node/hook/ament_prefix_path.ps1'
[2.356s] INFO:colcon.colcon_core.shell:Creating environment descriptor '/home/chirag/Aerospace/ROS2/autonomy_ws/install/px4_telemetry_node/share/px4_telemetry_node/hook/ament_prefix_path.dsv'
[2.356s] INFO:colcon.colcon_core.shell:Creating environment hook '/home/chirag/Aerospace/ROS2/autonomy_ws/install/px4_telemetry_node/share/px4_telemetry_node/hook/ament_prefix_path.sh'
[2.356s] INFO:colcon.colcon_core.shell:Skip shell extension 'powershell' for command environment: Not usable outside of PowerShell
[2.356s] DEBUG:colcon.colcon_core.shell:Skip shell extension 'dsv' for command environment
[2.549s] INFO:colcon.colcon_core.task.python.build:Building Python package in '/home/chirag/Aerospace/ROS2/autonomy_ws/src/px4_command_node'
[2.549s] INFO:colcon.colcon_core.shell:Skip shell extension 'powershell' for command environment: Not usable outside of PowerShell
[2.549s] DEBUG:colcon.colcon_core.shell:Skip shell extension 'dsv' for command environment
[2.743s] INFO:colcon.colcon_core.task.python.build:Building Python package in '/home/chirag/Aerospace/ROS2/autonomy_ws/src/px4_mission_node'
[2.743s] INFO:colcon.colcon_core.shell:Skip shell extension 'powershell' for command environment: Not usable outside of PowerShell
[2.743s] DEBUG:colcon.colcon_core.shell:Skip shell extension 'dsv' for command environment
[2.948s] INFO:colcon.colcon_core.task.python.build:Building Python package in '/home/chirag/Aerospace/ROS2/autonomy_ws/src/px4_telemetry_node'
[2.949s] INFO:colcon.colcon_core.shell:Skip shell extension 'powershell' for command environment: Not usable outside of PowerShell
[2.949s] DEBUG:colcon.colcon_core.shell:Skip shell extension 'dsv' for command environment
[3.472s] DEBUG:colcon.colcon_core.event_handler.log_command:Invoking command in '/home/chirag/Aerospace/ROS2/autonomy_ws/src/px4_mission_node': DEBUGINFOD_URLS=https://debuginfod.ubuntu.com PYTHONPATH=/home/chirag/Aerospace/ROS2/autonomy_ws/build/px4_mission_node/prefix_override:/usr/lib/python3/dist-packages/colcon_core/task/python/colcon_distutils_commands:/home/chirag/Aerospace/ROS2/autonomy_ws/install/px4_mission_node/lib/python3.12/site-packages:/home/chirag/Aerospace/ROS2/autonomy_ws/install/px4_msgs/lib/python3.12/site-packages:/home/chirag/Aerospace/ROS2/autonomy_ws/install/telemetry_node/lib/python3.12/site-packages:/home/chirag/Aerospace/ROS2/autonomy_ws/install/px4_telemetry_node/lib/python3.12/site-packages:/home/chirag/Aerospace/ROS2/autonomy_ws/install/px4_mission_node/lib/python3.12/site-packages:/home/chirag/Aerospace/ROS2/autonomy_ws/install/px4_command_node/lib/python3.12/site-packages:/home/chirag/Aerospace/ros2_ws/install/telemetry_monitor/lib/python3.12/site-packages:/home/chirag/Aerospace/ros2_ws/install/px4_msgs/lib/python3.12/site-packages:/opt/ros/jazzy/lib/python3.12/site-packages /usr/bin/python3 -W ignore:setup.py install is deprecated -W ignore:easy_install command is deprecated setup.py egg_info --egg-base ../../build/px4_mission_node build --build-base /home/chirag/Aerospace/ROS2/autonomy_ws/build/px4_mission_node/build install --record /home/chirag/Aerospace/ROS2/autonomy_ws/build/px4_mission_node/install.log --single-version-externally-managed install_data
[3.476s] DEBUG:colcon.colcon_core.event_handler.log_command:Invoking command in '/home/chirag/Aerospace/ROS2/autonomy_ws/src/px4_command_node': DEBUGINFOD_URLS=https://debuginfod.ubuntu.com PYTHONPATH=/home/chirag/Aerospace/ROS2/autonomy_ws/build/px4_command_node/prefix_override:/usr/lib/python3/dist-packages/colcon_core/task/python/colcon_distutils_commands:/home/chirag/Aerospace/ROS2/autonomy_ws/install/px4_command_node/lib/python3.12/site-packages:/home/chirag/Aerospace/ROS2/autonomy_ws/install/px4_msgs/lib/python3.12/site-packages:/home/chirag/Aerospace/ROS2/autonomy_ws/install/telemetry_node/lib/python3.12/site-packages:/home/chirag/Aerospace/ROS2/autonomy_ws/install/px4_telemetry_node/lib/python3.12/site-packages:/home/chirag/Aerospace/ROS2/autonomy_ws/install/px4_mission_node/lib/python3.12/site-packages:/home/chirag/Aerospace/ROS2/autonomy_ws/install/px4_command_node/lib/python3.12/site-packages:/home/chirag/Aerospace/ros2_ws/install/telemetry_monitor/lib/python3.12/site-packages:/home/chirag/Aerospace/ros2_ws/install/px4_msgs/lib/python3.12/site-packages:/opt/ros/jazzy/lib/python3.12/site-packages /usr/bin/python3 -W ignore:setup.py install is deprecated -W ignore:easy_install command is deprecated setup.py egg_info --egg-base ../../build/px4_command_node build --build-base /home/chirag/Aerospace/ROS2/autonomy_ws/build/px4_command_node/build install --record /home/chirag/Aerospace/ROS2/autonomy_ws/build/px4_command_node/install.log --single-version-externally-managed install_data
[3.477s] DEBUG:colcon.colcon_core.event_handler.log_command:Invoking command in '/home/chirag/Aerospace/ROS2/autonomy_ws/src/px4_telemetry_node': DEBUGINFOD_URLS=https://debuginfod.ubuntu.com PYTHONPATH=/home/chirag/Aerospace/ROS2/autonomy_ws/build/px4_telemetry_node/prefix_override:/usr/lib/python3/dist-packages/colcon_core/task/python/colcon_distutils_commands:/home/chirag/Aerospace/ROS2/autonomy_ws/install/px4_telemetry_node/lib/python3.12/site-packages:/home/chirag/Aerospace/ROS2/autonomy_ws/install/px4_msgs/lib/python3.12/site-packages:/home/chirag/Aerospace/ROS2/autonomy_ws/install/telemetry_node/lib/python3.12/site-packages:/home/chirag/Aerospace/ROS2/autonomy_ws/install/px4_telemetry_node/lib/python3.12/site-packages:/home/chirag/Aerospace/ROS2/autonomy_ws/install/px4_mission_node/lib/python3.12/site-packages:/home/chirag/Aerospace/ROS2/autonomy_ws/install/px4_command_node/lib/python3.12/site-packages:/home/chirag/Aerospace/ros2_ws/install/telemetry_monitor/lib/python3.12/site-packages:/home/chirag/Aerospace/ros2_ws/install/px4_msgs/lib/python3.12/site-packages:/opt/ros/jazzy/lib/python3.12/site-packages /usr/bin/python3 -W ignore:setup.py install is deprecated -W ignore:easy_install command is deprecated setup.py egg_info --egg-base ../../build/px4_telemetry_node build --build-base /home/chirag/Aerospace/ROS2/autonomy_ws/build/px4_telemetry_node/build install --record /home/chirag/Aerospace/ROS2/autonomy_ws/build/px4_telemetry_node/install.log --single-version-externally-managed install_data
[3.929s] Level 1:colcon.colcon_core.environment:checking '/home/chirag/Aerospace/ROS2/autonomy_ws/install/px4_telemetry_node' for CMake module files
[3.930s] DEBUG:colcon.colcon_core.event_handler.log_command:Invoked command in '/home/chirag/Aerospace/ROS2/autonomy_ws/src/px4_telemetry_node' returned '0': DEBUGINFOD_URLS=https://debuginfod.ubuntu.com PYTHONPATH=/home/chirag/Aerospace/ROS2/autonomy_ws/build/px4_telemetry_node/prefix_override:/usr/lib/python3/dist-packages/colcon_core/task/python/colcon_distutils_commands:/home/chirag/Aerospace/ROS2/autonomy_ws/install/px4_telemetry_node/lib/python3.12/site-packages:/home/chirag/Aerospace/ROS2/autonomy_ws/install/px4_msgs/lib/python3.12/site-packages:/home/chirag/Aerospace/ROS2/autonomy_ws/install/telemetry_node/lib/python3.12/site-packages:/home/chirag/Aerospace/ROS2/autonomy_ws/install/px4_telemetry_node/lib/python3.12/site-packages:/home/chirag/Aerospace/ROS2/autonomy_ws/install/px4_mission_node/lib/python3.12/site-packages:/home/chirag/Aerospace/ROS2/autonomy_ws/install/px4_command_node/lib/python3.12/site-packages:/home/chirag/Aerospace/ros2_ws/install/telemetry_monitor/lib/python3.12/site-packages:/home/chirag/Aerospace/ros2_ws/install/px4_msgs/lib/python3.12/site-packages:/opt/ros/jazzy/lib/python3.12/site-packages /usr/bin/python3 -W ignore:setup.py install is deprecated -W ignore:easy_install command is deprecated setup.py egg_info --egg-base ../../build/px4_telemetry_node build --build-base /home/chirag/Aerospace/ROS2/autonomy_ws/build/px4_telemetry_node/build install --record /home/chirag/Aerospace/ROS2/autonomy_ws/build/px4_telemetry_node/install.log --single-version-externally-managed install_data
[3.930s] Level 1:colcon.colcon_core.environment:checking '/home/chirag/Aerospace/ROS2/autonomy_ws/install/px4_telemetry_node' for CMake config files
[3.931s] Level 1:colcon.colcon_core.environment:checking '/home/chirag/Aerospace/ROS2/autonomy_ws/install/px4_telemetry_node/lib'
[3.931s] Level 1:colcon.colcon_core.environment:checking '/home/chirag/Aerospace/ROS2/autonomy_ws/install/px4_telemetry_node/bin'
[3.931s] Level 1:colcon.colcon_core.environment:checking '/home/chirag/Aerospace/ROS2/autonomy_ws/install/px4_telemetry_node/lib/pkgconfig/px4_telemetry_node.pc'
[3.931s] Level 1:colcon.colcon_core.environment:checking '/home/chirag/Aerospace/ROS2/autonomy_ws/install/px4_telemetry_node/lib/python3.12/site-packages'
[3.931s] Level 1:colcon.colcon_core.shell:create_environment_hook('px4_telemetry_node', 'pythonpath')
[3.931s] INFO:colcon.colcon_core.shell:Creating environment hook '/home/chirag/Aerospace/ROS2/autonomy_ws/install/px4_telemetry_node/share/px4_telemetry_node/hook/pythonpath.ps1'
[3.932s] INFO:colcon.colcon_core.shell:Creating environment descriptor '/home/chirag/Aerospace/ROS2/autonomy_ws/install/px4_telemetry_node/share/px4_telemetry_node/hook/pythonpath.dsv'
[3.932s] INFO:colcon.colcon_core.shell:Creating environment hook '/home/chirag/Aerospace/ROS2/autonomy_ws/install/px4_telemetry_node/share/px4_telemetry_node/hook/pythonpath.sh'
[3.933s] Level 1:colcon.colcon_core.environment:checking '/home/chirag/Aerospace/ROS2/autonomy_ws/install/px4_telemetry_node/bin'
[3.933s] Level 1:colcon.colcon_core.environment:create_environment_scripts_only(px4_telemetry_node)
[3.933s] INFO:colcon.colcon_core.shell:Creating package script '/home/chirag/Aerospace/ROS2/autonomy_ws/install/px4_telemetry_node/share/px4_telemetry_node/package.ps1'
[3.934s] INFO:colcon.colcon_core.shell:Creating package descriptor '/home/chirag/Aerospace/ROS2/autonomy_ws/install/px4_telemetry_node/share/px4_telemetry_node/package.dsv'
[3.934s] INFO:colcon.colcon_core.shell:Creating package script '/home/chirag/Aerospace/ROS2/autonomy_ws/install/px4_telemetry_node/share/px4_telemetry_node/package.sh'
[3.935s] INFO:colcon.colcon_core.shell:Creating package script '/home/chirag/Aerospace/ROS2/autonomy_ws/install/px4_telemetry_node/share/px4_telemetry_node/package.bash'
[3.935s] INFO:colcon.colcon_core.shell:Creating package script '/home/chirag/Aerospace/ROS2/autonomy_ws/install/px4_telemetry_node/share/px4_telemetry_node/package.zsh'
[3.935s] Level 1:colcon.colcon_core.environment:create_file_with_runtime_dependencies(/home/chirag/Aerospace/ROS2/autonomy_ws/install/px4_telemetry_node/share/colcon-core/packages/px4_telemetry_node)
[3.949s] Level 1:colcon.colcon_core.environment:checking '/home/chirag/Aerospace/ROS2/autonomy_ws/install/px4_command_node' for CMake module files
[3.950s] DEBUG:colcon.colcon_core.event_handler.log_command:Invoked command in '/home/chirag/Aerospace/ROS2/autonomy_ws/src/px4_command_node' returned '0': DEBUGINFOD_URLS=https://debuginfod.ubuntu.com PYTHONPATH=/home/chirag/Aerospace/ROS2/autonomy_ws/build/px4_command_node/prefix_override:/usr/lib/python3/dist-packages/colcon_core/task/python/colcon_distutils_commands:/home/chirag/Aerospace/ROS2/autonomy_ws/install/px4_command_node/lib/python3.12/site-packages:/home/chirag/Aerospace/ROS2/autonomy_ws/install/px4_msgs/lib/python3.12/site-packages:/home/chirag/Aerospace/ROS2/autonomy_ws/install/telemetry_node/lib/python3.12/site-packages:/home/chirag/Aerospace/ROS2/autonomy_ws/install/px4_telemetry_node/lib/python3.12/site-packages:/home/chirag/Aerospace/ROS2/autonomy_ws/install/px4_mission_node/lib/python3.12/site-packages:/home/chirag/Aerospace/ROS2/autonomy_ws/install/px4_command_node/lib/python3.12/site-packages:/home/chirag/Aerospace/ros2_ws/install/telemetry_monitor/lib/python3.12/site-packages:/home/chirag/Aerospace/ros2_ws/install/px4_msgs/lib/python3.12/site-packages:/opt/ros/jazzy/lib/python3.12/site-packages /usr/bin/python3 -W ignore:setup.py install is deprecated -W ignore:easy_install command is deprecated setup.py egg_info --egg-base ../../build/px4_command_node build --build-base /home/chirag/Aerospace/ROS2/autonomy_ws/build/px4_command_node/build install --record /home/chirag/Aerospace/ROS2/autonomy_ws/build/px4_command_node/install.log --single-version-externally-managed install_data
[3.950s] Level 1:colcon.colcon_core.environment:checking '/home/chirag/Aerospace/ROS2/autonomy_ws/install/px4_command_node' for CMake config files
[3.951s] Level 1:colcon.colcon_core.environment:checking '/home/chirag/Aerospace/ROS2/autonomy_ws/install/px4_command_node/lib'
[3.951s] Level 1:colcon.colcon_core.environment:checking '/home/chirag/Aerospace/ROS2/autonomy_ws/install/px4_command_node/bin'
[3.951s] Level 1:colcon.colcon_core.environment:checking '/home/chirag/Aerospace/ROS2/autonomy_ws/install/px4_command_node/lib/pkgconfig/px4_command_node.pc'
[3.951s] Level 1:colcon.colcon_core.environment:checking '/home/chirag/Aerospace/ROS2/autonomy_ws/install/px4_command_node/lib/python3.12/site-packages'
[3.951s] Level 1:colcon.colcon_core.shell:create_environment_hook('px4_command_node', 'pythonpath')
[3.951s] INFO:colcon.colcon_core.shell:Creating environment hook '/home/chirag/Aerospace/ROS2/autonomy_ws/install/px4_command_node/share/px4_command_node/hook/pythonpath.ps1'
[3.952s] INFO:colcon.colcon_core.shell:Creating environment descriptor '/home/chirag/Aerospace/ROS2/autonomy_ws/install/px4_command_node/share/px4_command_node/hook/pythonpath.dsv'
[3.952s] INFO:colcon.colcon_core.shell:Creating environment hook '/home/chirag/Aerospace/ROS2/autonomy_ws/install/px4_command_node/share/px4_command_node/hook/pythonpath.sh'
[3.953s] Level 1:colcon.colcon_core.environment:checking '/home/chirag/Aerospace/ROS2/autonomy_ws/install/px4_command_node/bin'
[3.953s] Level 1:colcon.colcon_core.environment:create_environment_scripts_only(px4_command_node)
[3.954s] INFO:colcon.colcon_core.shell:Creating package script '/home/chirag/Aerospace/ROS2/autonomy_ws/install/px4_command_node/share/px4_command_node/package.ps1'
[3.954s] INFO:colcon.colcon_core.shell:Creating package descriptor '/home/chirag/Aerospace/ROS2/autonomy_ws/install/px4_command_node/share/px4_command_node/package.dsv'
[3.955s] INFO:colcon.colcon_core.shell:Creating package script '/home/chirag/Aerospace/ROS2/autonomy_ws/install/px4_command_node/share/px4_command_node/package.sh'
[3.955s] INFO:colcon.colcon_core.shell:Creating package script '/home/chirag/Aerospace/ROS2/autonomy_ws/install/px4_command_node/share/px4_command_node/package.bash'
[3.956s] INFO:colcon.colcon_core.shell:Creating package script '/home/chirag/Aerospace/ROS2/autonomy_ws/install/px4_command_node/share/px4_command_node/package.zsh'
[3.956s] Level 1:colcon.colcon_core.environment:create_file_with_runtime_dependencies(/home/chirag/Aerospace/ROS2/autonomy_ws/install/px4_command_node/share/colcon-core/packages/px4_command_node)
[3.957s] Level 1:colcon.colcon_core.environment:checking '/home/chirag/Aerospace/ROS2/autonomy_ws/install/px4_mission_node' for CMake module files
[3.958s] DEBUG:colcon.colcon_core.event_handler.log_command:Invoked command in '/home/chirag/Aerospace/ROS2/autonomy_ws/src/px4_mission_node' returned '0': DEBUGINFOD_URLS=https://debuginfod.ubuntu.com PYTHONPATH=/home/chirag/Aerospace/ROS2/autonomy_ws/build/px4_mission_node/prefix_override:/usr/lib/python3/dist-packages/colcon_core/task/python/colcon_distutils_commands:/home/chirag/Aerospace/ROS2/autonomy_ws/install/px4_mission_node/lib/python3.12/site-packages:/home/chirag/Aerospace/ROS2/autonomy_ws/install/px4_msgs/lib/python3.12/site-packages:/home/chirag/Aerospace/ROS2/autonomy_ws/install/telemetry_node/lib/python3.12/site-packages:/home/chirag/Aerospace/ROS2/autonomy_ws/install/px4_telemetry_node/lib/python3.12/site-packages:/home/chirag/Aerospace/ROS2/autonomy_ws/install/px4_mission_node/lib/python3.12/site-packages:/home/chirag/Aerospace/ROS2/autonomy_ws/install/px4_command_node/lib/python3.12/site-packages:/home/chirag/Aerospace/ros2_ws/install/telemetry_monitor/lib/python3.12/site-packages:/home/chirag/Aerospace/ros2_ws/install/px4_msgs/lib/python3.12/site-packages:/opt/ros/jazzy/lib/python3.12/site-packages /usr/bin/python3 -W ignore:setup.py install is deprecated -W ignore:easy_install command is deprecated setup.py egg_info --egg-base ../../build/px4_mission_node build --build-base /home/chirag/Aerospace/ROS2/autonomy_ws/build/px4_mission_node/build install --record /home/chirag/Aerospace/ROS2/autonomy_ws/build/px4_mission_node/install.log --single-version-externally-managed install_data
[3.958s] Level 1:colcon.colcon_core.environment:checking '/home/chirag/Aerospace/ROS2/autonomy_ws/install/px4_mission_node' for CMake config files
[3.958s] Level 1:colcon.colcon_core.environment:checking '/home/chirag/Aerospace/ROS2/autonomy_ws/install/px4_mission_node/lib'
[3.958s] Level 1:colcon.colcon_core.environment:checking '/home/chirag/Aerospace/ROS2/autonomy_ws/install/px4_mission_node/bin'
[3.958s] Level 1:colcon.colcon_core.environment:checking '/home/chirag/Aerospace/ROS2/autonomy_ws/install/px4_mission_node/lib/pkgconfig/px4_mission_node.pc'
[3.958s] Level 1:colcon.colcon_core.environment:checking '/home/chirag/Aerospace/ROS2/autonomy_ws/install/px4_mission_node/lib/python3.12/site-packages'
[3.959s] Level 1:colcon.colcon_core.shell:create_environment_hook('px4_mission_node', 'pythonpath')
[3.959s] INFO:colcon.colcon_core.shell:Creating environment hook '/home/chirag/Aerospace/ROS2/autonomy_ws/install/px4_mission_node/share/px4_mission_node/hook/pythonpath.ps1'
[3.959s] INFO:colcon.colcon_core.shell:Creating environment descriptor '/home/chirag/Aerospace/ROS2/autonomy_ws/install/px4_mission_node/share/px4_mission_node/hook/pythonpath.dsv'
[3.959s] INFO:colcon.colcon_core.shell:Creating environment hook '/home/chirag/Aerospace/ROS2/autonomy_ws/install/px4_mission_node/share/px4_mission_node/hook/pythonpath.sh'
[3.960s] Level 1:colcon.colcon_core.environment:checking '/home/chirag/Aerospace/ROS2/autonomy_ws/install/px4_mission_node/bin'
[3.960s] Level 1:colcon.colcon_core.environment:create_environment_scripts_only(px4_mission_node)
[3.960s] INFO:colcon.colcon_core.shell:Creating package script '/home/chirag/Aerospace/ROS2/autonomy_ws/install/px4_mission_node/share/px4_mission_node/package.ps1'
[3.960s] INFO:colcon.colcon_core.shell:Creating package descriptor '/home/chirag/Aerospace/ROS2/autonomy_ws/install/px4_mission_node/share/px4_mission_node/package.dsv'
[3.961s] INFO:colcon.colcon_core.shell:Creating package script '/home/chirag/Aerospace/ROS2/autonomy_ws/install/px4_mission_node/share/px4_mission_node/package.sh'
[3.961s] INFO:colcon.colcon_core.shell:Creating package script '/home/chirag/Aerospace/ROS2/autonomy_ws/install/px4_mission_node/share/px4_mission_node/package.bash'
[3.961s] INFO:colcon.colcon_core.shell:Creating package script '/home/chirag/Aerospace/ROS2/autonomy_ws/install/px4_mission_node/share/px4_mission_node/package.zsh'
[3.961s] Level 1:colcon.colcon_core.environment:create_file_with_runtime_dependencies(/home/chirag/Aerospace/ROS2/autonomy_ws/install/px4_mission_node/share/colcon-core/packages/px4_mission_node)
[3.962s] DEBUG:colcon.colcon_parallel_executor.executor.parallel:closing loop
[3.962s] DEBUG:colcon.colcon_parallel_executor.executor.parallel:loop closed
[3.962s] DEBUG:colcon.colcon_parallel_executor.executor.parallel:run_until_complete finished with '0'
[3.962s] DEBUG:colcon.colcon_core.event_reactor:joining thread
[3.969s] INFO:colcon.colcon_core.plugin_system:Skipping extension 'colcon_notification.desktop_notification.terminal_notifier': Not used on non-Darwin systems
[3.969s] INFO:colcon.colcon_core.plugin_system:Skipping extension 'colcon_notification.desktop_notification.win32': Not used on non-Windows systems
[3.969s] INFO:colcon.colcon_notification.desktop_notification:Sending desktop notification using 'notify2'
[3.970s] DEBUG:colcon.colcon_notification.desktop_notification.notify2:Failed to initialize notify2: org.freedesktop.DBus.Error.ServiceUnknown: The name org.freedesktop.Notifications was not provided by any .service files
[3.970s] DEBUG:colcon.colcon_core.event_reactor:joined thread
[3.970s] INFO:colcon.colcon_core.shell:Creating prefix script '/home/chirag/Aerospace/ROS2/autonomy_ws/install/local_setup.ps1'
[3.971s] INFO:colcon.colcon_core.shell:Creating prefix util module '/home/chirag/Aerospace/ROS2/autonomy_ws/install/_local_setup_util_ps1.py'
[3.972s] INFO:colcon.colcon_core.shell:Creating prefix chain script '/home/chirag/Aerospace/ROS2/autonomy_ws/install/setup.ps1'
[3.972s] INFO:colcon.colcon_core.shell:Creating prefix script '/home/chirag/Aerospace/ROS2/autonomy_ws/install/local_setup.sh'
[3.973s] INFO:colcon.colcon_core.shell:Creating prefix util module '/home/chirag/Aerospace/ROS2/autonomy_ws/install/_local_setup_util_sh.py'
[3.973s] INFO:colcon.colcon_core.shell:Creating prefix chain script '/home/chirag/Aerospace/ROS2/autonomy_ws/install/setup.sh'
[3.974s] INFO:colcon.colcon_core.shell:Creating prefix script '/home/chirag/Aerospace/ROS2/autonomy_ws/install/local_setup.bash'
[3.974s] INFO:colcon.colcon_core.shell:Creating prefix chain script '/home/chirag/Aerospace/ROS2/autonomy_ws/install/setup.bash'
[3.975s] INFO:colcon.colcon_core.shell:Creating prefix script '/home/chirag/Aerospace/ROS2/autonomy_ws/install/local_setup.zsh'
[3.975s] INFO:colcon.colcon_core.shell:Creating prefix chain script '/home/chirag/Aerospace/ROS2/autonomy_ws/install/setup.zsh'
