[0.438s] Invoking command in '/home/chirag/Aerospace/ROS2/autonomy_ws/src/px4_telemetry_node': DEBUGINFOD_URLS=https://debuginfod.ubuntu.com PYTHONPATH=/home/chirag/Aerospace/ROS2/autonomy_ws/build/px4_telemetry_node/prefix_override:/usr/lib/python3/dist-packages/colcon_core/task/python/colcon_distutils_commands:/home/chirag/Aerospace/ROS2/autonomy_ws/install/px4_telemetry_node/lib/python3.12/site-packages:${PYTHONPATH} /usr/bin/python3 -W ignore:setup.py install is deprecated -W ignore:easy_install command is deprecated setup.py egg_info --egg-base ../../build/px4_telemetry_node build --build-base /home/chirag/Aerospace/ROS2/autonomy_ws/build/px4_telemetry_node/build install --record /home/chirag/Aerospace/ROS2/autonomy_ws/build/px4_telemetry_node/install.log --single-version-externally-managed install_data
[0.579s] running egg_info
[0.579s] creating ../../build/px4_telemetry_node/px4_telemetry_node.egg-info
[0.589s] writing ../../build/px4_telemetry_node/px4_telemetry_node.egg-info/PKG-INFO
[0.589s] writing dependency_links to ../../build/px4_telemetry_node/px4_telemetry_node.egg-info/dependency_links.txt
[0.589s] writing entry points to ../../build/px4_telemetry_node/px4_telemetry_node.egg-info/entry_points.txt
[0.589s] writing requirements to ../../build/px4_telemetry_node/px4_telemetry_node.egg-info/requires.txt
[0.589s] writing top-level names to ../../build/px4_telemetry_node/px4_telemetry_node.egg-info/top_level.txt
[0.589s] writing manifest file '../../build/px4_telemetry_node/px4_telemetry_node.egg-info/SOURCES.txt'
[0.609s] reading manifest file '../../build/px4_telemetry_node/px4_telemetry_node.egg-info/SOURCES.txt'
[0.609s] writing manifest file '../../build/px4_telemetry_node/px4_telemetry_node.egg-info/SOURCES.txt'
[0.609s] running build
[0.609s] running build_py
[0.609s] creating /home/chirag/Aerospace/ROS2/autonomy_ws/build/px4_telemetry_node/build
[0.609s] creating /home/chirag/Aerospace/ROS2/autonomy_ws/build/px4_telemetry_node/build/lib
[0.610s] creating /home/chirag/Aerospace/ROS2/autonomy_ws/build/px4_telemetry_node/build/lib/px4_telemetry_node
[0.610s] copying px4_telemetry_node/px4_telemetry_publisher.py -> /home/chirag/Aerospace/ROS2/autonomy_ws/build/px4_telemetry_node/build/lib/px4_telemetry_node
[0.610s] copying px4_telemetry_node/__init__.py -> /home/chirag/Aerospace/ROS2/autonomy_ws/build/px4_telemetry_node/build/lib/px4_telemetry_node
[0.610s] running install
[0.613s] running install_lib
[0.623s] creating /home/chirag/Aerospace/ROS2/autonomy_ws/install/px4_telemetry_node/lib/python3.12/site-packages/px4_telemetry_node
[0.623s] copying /home/chirag/Aerospace/ROS2/autonomy_ws/build/px4_telemetry_node/build/lib/px4_telemetry_node/px4_telemetry_publisher.py -> /home/chirag/Aerospace/ROS2/autonomy_ws/install/px4_telemetry_node/lib/python3.12/site-packages/px4_telemetry_node
[0.623s] copying /home/chirag/Aerospace/ROS2/autonomy_ws/build/px4_telemetry_node/build/lib/px4_telemetry_node/__init__.py -> /home/chirag/Aerospace/ROS2/autonomy_ws/install/px4_telemetry_node/lib/python3.12/site-packages/px4_telemetry_node
[0.623s] byte-compiling /home/chirag/Aerospace/ROS2/autonomy_ws/install/px4_telemetry_node/lib/python3.12/site-packages/px4_telemetry_node/px4_telemetry_publisher.py to px4_telemetry_publisher.cpython-312.pyc
[0.624s] byte-compiling /home/chirag/Aerospace/ROS2/autonomy_ws/install/px4_telemetry_node/lib/python3.12/site-packages/px4_telemetry_node/__init__.py to __init__.cpython-312.pyc
[0.624s] running install_data
[0.624s] creating /home/chirag/Aerospace/ROS2/autonomy_ws/install/px4_telemetry_node/share/ament_index
[0.624s] creating /home/chirag/Aerospace/ROS2/autonomy_ws/install/px4_telemetry_node/share/ament_index/resource_index
[0.624s] creating /home/chirag/Aerospace/ROS2/autonomy_ws/install/px4_telemetry_node/share/ament_index/resource_index/packages
[0.624s] copying resource/px4_telemetry_node -> /home/chirag/Aerospace/ROS2/autonomy_ws/install/px4_telemetry_node/share/ament_index/resource_index/packages
[0.624s] copying package.xml -> /home/chirag/Aerospace/ROS2/autonomy_ws/install/px4_telemetry_node/share/px4_telemetry_node
[0.624s] running install_egg_info
[0.634s] Copying ../../build/px4_telemetry_node/px4_telemetry_node.egg-info to /home/chirag/Aerospace/ROS2/autonomy_ws/install/px4_telemetry_node/lib/python3.12/site-packages/px4_telemetry_node-0.0.0-py3.12.egg-info
[0.635s] running install_scripts
[0.706s] Installing px4_telemetry_publisher script to /home/chirag/Aerospace/ROS2/autonomy_ws/install/px4_telemetry_node/lib/px4_telemetry_node
[0.706s] writing list of installed files to '/home/chirag/Aerospace/ROS2/autonomy_ws/build/px4_telemetry_node/install.log'
[0.722s] Invoked command in '/home/chirag/Aerospace/ROS2/autonomy_ws/src/px4_telemetry_node' returned '0': DEBUGINFOD_URLS=https://debuginfod.ubuntu.com PYTHONPATH=/home/chirag/Aerospace/ROS2/autonomy_ws/build/px4_telemetry_node/prefix_override:/usr/lib/python3/dist-packages/colcon_core/task/python/colcon_distutils_commands:/home/chirag/Aerospace/ROS2/autonomy_ws/install/px4_telemetry_node/lib/python3.12/site-packages:${PYTHONPATH} /usr/bin/python3 -W ignore:setup.py install is deprecated -W ignore:easy_install command is deprecated setup.py egg_info --egg-base ../../build/px4_telemetry_node build --build-base /home/chirag/Aerospace/ROS2/autonomy_ws/build/px4_telemetry_node/build install --record /home/chirag/Aerospace/ROS2/autonomy_ws/build/px4_telemetry_node/install.log --single-version-externally-managed install_data
