[0.849s] Invoking command in '/home/chirag/Aerospace/ROS2/autonomy_ws/src/px4_command_node': DEBUGINFOD_URLS=https://debuginfod.ubuntu.com PYTHONPATH=/home/chirag/Aerospace/ROS2/autonomy_ws/build/px4_command_node/prefix_override:/usr/lib/python3/dist-packages/colcon_core/task/python/colcon_distutils_commands:/home/chirag/Aerospace/ROS2/autonomy_ws/install/px4_command_node/lib/python3.12/site-packages:/home/chirag/Aerospace/ROS2/autonomy_ws/install/px4_msgs/lib/python3.12/site-packages:/home/chirag/Aerospace/ROS2/autonomy_ws/install/telemetry_node/lib/python3.12/site-packages:/home/chirag/Aerospace/ROS2/autonomy_ws/install/px4_telemetry_node/lib/python3.12/site-packages:/home/chirag/Aerospace/ROS2/autonomy_ws/install/px4_mission_node/lib/python3.12/site-packages:/home/chirag/Aerospace/ROS2/autonomy_ws/install/px4_command_node/lib/python3.12/site-packages:/home/chirag/Aerospace/ROS2/autonomy_ws/install/guidance_node/lib/python3.12/site-packages:/home/chirag/Aerospace/ros2_ws/install/telemetry_monitor/lib/python3.12/site-packages:/home/chirag/Aerospace/ros2_ws/install/px4_msgs/lib/python3.12/site-packages:/opt/ros/jazzy/lib/python3.12/site-packages /usr/bin/python3 -W ignore:setup.py install is deprecated -W ignore:easy_install command is deprecated setup.py egg_info --egg-base ../../build/px4_command_node build --build-base /home/chirag/Aerospace/ROS2/autonomy_ws/build/px4_command_node/build install --record /home/chirag/Aerospace/ROS2/autonomy_ws/build/px4_command_node/install.log --single-version-externally-managed install_data
[1.006s] running egg_info
[1.007s] creating ../../build/px4_command_node/px4_command_node.egg-info
[1.017s] writing ../../build/px4_command_node/px4_command_node.egg-info/PKG-INFO
[1.017s] writing dependency_links to ../../build/px4_command_node/px4_command_node.egg-info/dependency_links.txt
[1.017s] writing entry points to ../../build/px4_command_node/px4_command_node.egg-info/entry_points.txt
[1.017s] writing requirements to ../../build/px4_command_node/px4_command_node.egg-info/requires.txt
[1.018s] writing top-level names to ../../build/px4_command_node/px4_command_node.egg-info/top_level.txt
[1.018s] writing manifest file '../../build/px4_command_node/px4_command_node.egg-info/SOURCES.txt'
[1.039s] reading manifest file '../../build/px4_command_node/px4_command_node.egg-info/SOURCES.txt'
[1.040s] writing manifest file '../../build/px4_command_node/px4_command_node.egg-info/SOURCES.txt'
[1.040s] running build
[1.040s] running build_py
[1.040s] creating /home/chirag/Aerospace/ROS2/autonomy_ws/build/px4_command_node/build
[1.040s] creating /home/chirag/Aerospace/ROS2/autonomy_ws/build/px4_command_node/build/lib
[1.040s] creating /home/chirag/Aerospace/ROS2/autonomy_ws/build/px4_command_node/build/lib/px4_command_node
[1.040s] copying px4_command_node/command_node.py -> /home/chirag/Aerospace/ROS2/autonomy_ws/build/px4_command_node/build/lib/px4_command_node
[1.041s] copying px4_command_node/__init__.py -> /home/chirag/Aerospace/ROS2/autonomy_ws/build/px4_command_node/build/lib/px4_command_node
[1.042s] running install
[1.048s] running install_lib
[1.059s] creating /home/chirag/Aerospace/ROS2/autonomy_ws/install/px4_command_node/lib/python3.12/site-packages/px4_command_node
[1.059s] copying /home/chirag/Aerospace/ROS2/autonomy_ws/build/px4_command_node/build/lib/px4_command_node/command_node.py -> /home/chirag/Aerospace/ROS2/autonomy_ws/install/px4_command_node/lib/python3.12/site-packages/px4_command_node
[1.059s] copying /home/chirag/Aerospace/ROS2/autonomy_ws/build/px4_command_node/build/lib/px4_command_node/__init__.py -> /home/chirag/Aerospace/ROS2/autonomy_ws/install/px4_command_node/lib/python3.12/site-packages/px4_command_node
[1.059s] byte-compiling /home/chirag/Aerospace/ROS2/autonomy_ws/install/px4_command_node/lib/python3.12/site-packages/px4_command_node/command_node.py to command_node.cpython-312.pyc
[1.060s] byte-compiling /home/chirag/Aerospace/ROS2/autonomy_ws/install/px4_command_node/lib/python3.12/site-packages/px4_command_node/__init__.py to __init__.cpython-312.pyc
[1.060s] running install_data
[1.060s] creating /home/chirag/Aerospace/ROS2/autonomy_ws/install/px4_command_node/share/ament_index
[1.060s] creating /home/chirag/Aerospace/ROS2/autonomy_ws/install/px4_command_node/share/ament_index/resource_index
[1.060s] creating /home/chirag/Aerospace/ROS2/autonomy_ws/install/px4_command_node/share/ament_index/resource_index/packages
[1.060s] copying resource/px4_command_node -> /home/chirag/Aerospace/ROS2/autonomy_ws/install/px4_command_node/share/ament_index/resource_index/packages
[1.060s] copying package.xml -> /home/chirag/Aerospace/ROS2/autonomy_ws/install/px4_command_node/share/px4_command_node
[1.060s] running install_egg_info
[1.072s] Copying ../../build/px4_command_node/px4_command_node.egg-info to /home/chirag/Aerospace/ROS2/autonomy_ws/install/px4_command_node/lib/python3.12/site-packages/px4_command_node-0.0.0-py3.12.egg-info
[1.072s] running install_scripts
[1.151s] Installing command_node script to /home/chirag/Aerospace/ROS2/autonomy_ws/install/px4_command_node/lib/px4_command_node
[1.152s] writing list of installed files to '/home/chirag/Aerospace/ROS2/autonomy_ws/build/px4_command_node/install.log'
[1.177s] Invoked command in '/home/chirag/Aerospace/ROS2/autonomy_ws/src/px4_command_node' returned '0': DEBUGINFOD_URLS=https://debuginfod.ubuntu.com PYTHONPATH=/home/chirag/Aerospace/ROS2/autonomy_ws/build/px4_command_node/prefix_override:/usr/lib/python3/dist-packages/colcon_core/task/python/colcon_distutils_commands:/home/chirag/Aerospace/ROS2/autonomy_ws/install/px4_command_node/lib/python3.12/site-packages:/home/chirag/Aerospace/ROS2/autonomy_ws/install/px4_msgs/lib/python3.12/site-packages:/home/chirag/Aerospace/ROS2/autonomy_ws/install/telemetry_node/lib/python3.12/site-packages:/home/chirag/Aerospace/ROS2/autonomy_ws/install/px4_telemetry_node/lib/python3.12/site-packages:/home/chirag/Aerospace/ROS2/autonomy_ws/install/px4_mission_node/lib/python3.12/site-packages:/home/chirag/Aerospace/ROS2/autonomy_ws/install/px4_command_node/lib/python3.12/site-packages:/home/chirag/Aerospace/ROS2/autonomy_ws/install/guidance_node/lib/python3.12/site-packages:/home/chirag/Aerospace/ros2_ws/install/telemetry_monitor/lib/python3.12/site-packages:/home/chirag/Aerospace/ros2_ws/install/px4_msgs/lib/python3.12/site-packages:/opt/ros/jazzy/lib/python3.12/site-packages /usr/bin/python3 -W ignore:setup.py install is deprecated -W ignore:easy_install command is deprecated setup.py egg_info --egg-base ../../build/px4_command_node build --build-base /home/chirag/Aerospace/ROS2/autonomy_ws/build/px4_command_node/build install --record /home/chirag/Aerospace/ROS2/autonomy_ws/build/px4_command_node/install.log --single-version-externally-managed install_data
