[1.640s] Invoking command in '/home/chirag/Aerospace/ROS2/autonomy_ws/src/px4_telemetry_node': DEBUGINFOD_URLS=https://debuginfod.ubuntu.com PYTHONPATH=/home/chirag/Aerospace/ROS2/autonomy_ws/build/px4_telemetry_node/prefix_override:/usr/lib/python3/dist-packages/colcon_core/task/python/colcon_distutils_commands:/home/chirag/Aerospace/ROS2/autonomy_ws/install/px4_telemetry_node/lib/python3.12/site-packages:/home/chirag/Aerospace/ROS2/autonomy_ws/install/px4_msgs/lib/python3.12/site-packages:/home/chirag/Aerospace/ROS2/autonomy_ws/install/telemetry_node/lib/python3.12/site-packages:/home/chirag/Aerospace/ROS2/autonomy_ws/install/px4_telemetry_node/lib/python3.12/site-packages:/home/chirag/Aerospace/ROS2/autonomy_ws/install/px4_mission_node/lib/python3.12/site-packages:/home/chirag/Aerospace/ROS2/autonomy_ws/install/px4_command_node/lib/python3.12/site-packages:/home/chirag/Aerospace/ROS2/autonomy_ws/install/guidance_node/lib/python3.12/site-packages:/home/chirag/Aerospace/ros2_ws/install/telemetry_monitor/lib/python3.12/site-packages:/home/chirag/Aerospace/ros2_ws/install/px4_msgs/lib/python3.12/site-packages:/opt/ros/jazzy/lib/python3.12/site-packages /usr/bin/python3 -W ignore:setup.py install is deprecated -W ignore:easy_install command is deprecated setup.py egg_info --egg-base ../../build/px4_telemetry_node build --build-base /home/chirag/Aerospace/ROS2/autonomy_ws/build/px4_telemetry_node/build install --record /home/chirag/Aerospace/ROS2/autonomy_ws/build/px4_telemetry_node/install.log --single-version-externally-managed install_data
[1.984s] running egg_info
[2.010s] writing ../../build/px4_telemetry_node/px4_telemetry_node.egg-info/PKG-INFO
[2.011s] writing dependency_links to ../../build/px4_telemetry_node/px4_telemetry_node.egg-info/dependency_links.txt
[2.011s] writing entry points to ../../build/px4_telemetry_node/px4_telemetry_node.egg-info/entry_points.txt
[2.012s] writing requirements to ../../build/px4_telemetry_node/px4_telemetry_node.egg-info/requires.txt
[2.013s] writing top-level names to ../../build/px4_telemetry_node/px4_telemetry_node.egg-info/top_level.txt
[2.065s] reading manifest file '../../build/px4_telemetry_node/px4_telemetry_node.egg-info/SOURCES.txt'
[2.067s] writing manifest file '../../build/px4_telemetry_node/px4_telemetry_node.egg-info/SOURCES.txt'
[2.067s] running build
[2.067s] running build_py
[2.067s] running install
[2.077s] running install_lib
[2.109s] running install_data
[2.109s] running install_egg_info
[2.139s] removing '/home/chirag/Aerospace/ROS2/autonomy_ws/install/px4_telemetry_node/lib/python3.12/site-packages/px4_telemetry_node-0.0.0-py3.12.egg-info' (and everything under it)
[2.139s] Copying ../../build/px4_telemetry_node/px4_telemetry_node.egg-info to /home/chirag/Aerospace/ROS2/autonomy_ws/install/px4_telemetry_node/lib/python3.12/site-packages/px4_telemetry_node-0.0.0-py3.12.egg-info
[2.140s] running install_scripts
[2.310s] Installing px4_telemetry_publisher script to /home/chirag/Aerospace/ROS2/autonomy_ws/install/px4_telemetry_node/lib/px4_telemetry_node
[2.311s] writing list of installed files to '/home/chirag/Aerospace/ROS2/autonomy_ws/build/px4_telemetry_node/install.log'
[2.379s] Invoked command in '/home/chirag/Aerospace/ROS2/autonomy_ws/src/px4_telemetry_node' returned '0': DEBUGINFOD_URLS=https://debuginfod.ubuntu.com PYTHONPATH=/home/chirag/Aerospace/ROS2/autonomy_ws/build/px4_telemetry_node/prefix_override:/usr/lib/python3/dist-packages/colcon_core/task/python/colcon_distutils_commands:/home/chirag/Aerospace/ROS2/autonomy_ws/install/px4_telemetry_node/lib/python3.12/site-packages:/home/chirag/Aerospace/ROS2/autonomy_ws/install/px4_msgs/lib/python3.12/site-packages:/home/chirag/Aerospace/ROS2/autonomy_ws/install/telemetry_node/lib/python3.12/site-packages:/home/chirag/Aerospace/ROS2/autonomy_ws/install/px4_telemetry_node/lib/python3.12/site-packages:/home/chirag/Aerospace/ROS2/autonomy_ws/install/px4_mission_node/lib/python3.12/site-packages:/home/chirag/Aerospace/ROS2/autonomy_ws/install/px4_command_node/lib/python3.12/site-packages:/home/chirag/Aerospace/ROS2/autonomy_ws/install/guidance_node/lib/python3.12/site-packages:/home/chirag/Aerospace/ros2_ws/install/telemetry_monitor/lib/python3.12/site-packages:/home/chirag/Aerospace/ros2_ws/install/px4_msgs/lib/python3.12/site-packages:/opt/ros/jazzy/lib/python3.12/site-packages /usr/bin/python3 -W ignore:setup.py install is deprecated -W ignore:easy_install command is deprecated setup.py egg_info --egg-base ../../build/px4_telemetry_node build --build-base /home/chirag/Aerospace/ROS2/autonomy_ws/build/px4_telemetry_node/build install --record /home/chirag/Aerospace/ROS2/autonomy_ws/build/px4_telemetry_node/install.log --single-version-externally-managed install_data
