running egg_info
creating ../../build/guidance_node/guidance_node.egg-info
writing ../../build/guidance_node/guidance_node.egg-info/PKG-INFO
writing dependency_links to ../../build/guidance_node/guidance_node.egg-info/dependency_links.txt
writing entry points to ../../build/guidance_node/guidance_node.egg-info/entry_points.txt
writing requirements to ../../build/guidance_node/guidance_node.egg-info/requires.txt
writing top-level names to ../../build/guidance_node/guidance_node.egg-info/top_level.txt
writing manifest file '../../build/guidance_node/guidance_node.egg-info/SOURCES.txt'
reading manifest file '../../build/guidance_node/guidance_node.egg-info/SOURCES.txt'
writing manifest file '../../build/guidance_node/guidance_node.egg-info/SOURCES.txt'
running build
running build_py
creating /home/chirag/Aerospace/ROS2/autonomy_ws/build/guidance_node/build
creating /home/chirag/Aerospace/ROS2/autonomy_ws/build/guidance_node/build/lib
creating /home/chirag/Aerospace/ROS2/autonomy_ws/build/guidance_node/build/lib/guidance_node
copying guidance_node/guidance_node.py -> /home/chirag/Aerospace/ROS2/autonomy_ws/build/guidance_node/build/lib/guidance_node
copying guidance_node/__init__.py -> /home/chirag/Aerospace/ROS2/autonomy_ws/build/guidance_node/build/lib/guidance_node
running install
running install_lib
creating /home/chirag/Aerospace/ROS2/autonomy_ws/install/guidance_node/lib/python3.12/site-packages/guidance_node
copying /home/chirag/Aerospace/ROS2/autonomy_ws/build/guidance_node/build/lib/guidance_node/guidance_node.py -> /home/chirag/Aerospace/ROS2/autonomy_ws/install/guidance_node/lib/python3.12/site-packages/guidance_node
copying /home/chirag/Aerospace/ROS2/autonomy_ws/build/guidance_node/build/lib/guidance_node/__init__.py -> /home/chirag/Aerospace/ROS2/autonomy_ws/install/guidance_node/lib/python3.12/site-packages/guidance_node
byte-compiling /home/chirag/Aerospace/ROS2/autonomy_ws/install/guidance_node/lib/python3.12/site-packages/guidance_node/guidance_node.py to guidance_node.cpython-312.pyc
byte-compiling /home/chirag/Aerospace/ROS2/autonomy_ws/install/guidance_node/lib/python3.12/site-packages/guidance_node/__init__.py to __init__.cpython-312.pyc
running install_data
creating /home/chirag/Aerospace/ROS2/autonomy_ws/install/guidance_node/share/ament_index
creating /home/chirag/Aerospace/ROS2/autonomy_ws/install/guidance_node/share/ament_index/resource_index
creating /home/chirag/Aerospace/ROS2/autonomy_ws/install/guidance_node/share/ament_index/resource_index/packages
copying resource/guidance_node -> /home/chirag/Aerospace/ROS2/autonomy_ws/install/guidance_node/share/ament_index/resource_index/packages
copying package.xml -> /home/chirag/Aerospace/ROS2/autonomy_ws/install/guidance_node/share/guidance_node
running install_egg_info
Copying ../../build/guidance_node/guidance_node.egg-info to /home/chirag/Aerospace/ROS2/autonomy_ws/install/guidance_node/lib/python3.12/site-packages/guidance_node-0.0.0-py3.12.egg-info
running install_scripts
Installing guidance_node script to /home/chirag/Aerospace/ROS2/autonomy_ws/install/guidance_node/lib/guidance_node
writing list of installed files to '/home/chirag/Aerospace/ROS2/autonomy_ws/build/guidance_node/install.log'
