[0.850s] Invoking command in '/home/chirag/Aerospace/ROS2/autonomy_ws/src/guidance_node': DEBUGINFOD_URLS=https://debuginfod.ubuntu.com PYTHONPATH=/home/chirag/Aerospace/ROS2/autonomy_ws/build/guidance_node/prefix_override:/usr/lib/python3/dist-packages/colcon_core/task/python/colcon_distutils_commands:/home/chirag/Aerospace/ROS2/autonomy_ws/install/guidance_node/lib/python3.12/site-packages:/home/chirag/Aerospace/ROS2/autonomy_ws/install/px4_msgs/lib/python3.12/site-packages:/home/chirag/Aerospace/ROS2/autonomy_ws/install/telemetry_node/lib/python3.12/site-packages:/home/chirag/Aerospace/ROS2/autonomy_ws/install/px4_telemetry_node/lib/python3.12/site-packages:/home/chirag/Aerospace/ROS2/autonomy_ws/install/px4_mission_node/lib/python3.12/site-packages:/home/chirag/Aerospace/ROS2/autonomy_ws/install/px4_command_node/lib/python3.12/site-packages:/home/chirag/Aerospace/ROS2/autonomy_ws/install/guidance_node/lib/python3.12/site-packages:/home/chirag/Aerospace/ros2_ws/install/telemetry_monitor/lib/python3.12/site-packages:/home/chirag/Aerospace/ros2_ws/install/px4_msgs/lib/python3.12/site-packages:/opt/ros/jazzy/lib/python3.12/site-packages /usr/bin/python3 -W ignore:setup.py install is deprecated -W ignore:easy_install command is deprecated setup.py egg_info --egg-base ../../build/guidance_node build --build-base /home/chirag/Aerospace/ROS2/autonomy_ws/build/guidance_node/build install --record /home/chirag/Aerospace/ROS2/autonomy_ws/build/guidance_node/install.log --single-version-externally-managed install_data
[1.011s] running egg_info
[1.011s] creating ../../build/guidance_node/guidance_node.egg-info
[1.022s] writing ../../build/guidance_node/guidance_node.egg-info/PKG-INFO
[1.022s] writing dependency_links to ../../build/guidance_node/guidance_node.egg-info/dependency_links.txt
[1.022s] writing entry points to ../../build/guidance_node/guidance_node.egg-info/entry_points.txt
[1.022s] writing requirements to ../../build/guidance_node/guidance_node.egg-info/requires.txt
[1.022s] writing top-level names to ../../build/guidance_node/guidance_node.egg-info/top_level.txt
[1.022s] writing manifest file '../../build/guidance_node/guidance_node.egg-info/SOURCES.txt'
[1.044s] reading manifest file '../../build/guidance_node/guidance_node.egg-info/SOURCES.txt'
[1.045s] writing manifest file '../../build/guidance_node/guidance_node.egg-info/SOURCES.txt'
[1.045s] running build
[1.045s] running build_py
[1.045s] creating /home/chirag/Aerospace/ROS2/autonomy_ws/build/guidance_node/build
[1.045s] creating /home/chirag/Aerospace/ROS2/autonomy_ws/build/guidance_node/build/lib
[1.045s] creating /home/chirag/Aerospace/ROS2/autonomy_ws/build/guidance_node/build/lib/guidance_node
[1.045s] copying guidance_node/guidance_node.py -> /home/chirag/Aerospace/ROS2/autonomy_ws/build/guidance_node/build/lib/guidance_node
[1.045s] copying guidance_node/__init__.py -> /home/chirag/Aerospace/ROS2/autonomy_ws/build/guidance_node/build/lib/guidance_node
[1.045s] running install
[1.049s] running install_lib
[1.060s] creating /home/chirag/Aerospace/ROS2/autonomy_ws/install/guidance_node/lib/python3.12/site-packages/guidance_node
[1.060s] copying /home/chirag/Aerospace/ROS2/autonomy_ws/build/guidance_node/build/lib/guidance_node/guidance_node.py -> /home/chirag/Aerospace/ROS2/autonomy_ws/install/guidance_node/lib/python3.12/site-packages/guidance_node
[1.060s] copying /home/chirag/Aerospace/ROS2/autonomy_ws/build/guidance_node/build/lib/guidance_node/__init__.py -> /home/chirag/Aerospace/ROS2/autonomy_ws/install/guidance_node/lib/python3.12/site-packages/guidance_node
[1.060s] byte-compiling /home/chirag/Aerospace/ROS2/autonomy_ws/install/guidance_node/lib/python3.12/site-packages/guidance_node/guidance_node.py to guidance_node.cpython-312.pyc
[1.061s] byte-compiling /home/chirag/Aerospace/ROS2/autonomy_ws/install/guidance_node/lib/python3.12/site-packages/guidance_node/__init__.py to __init__.cpython-312.pyc
[1.061s] running install_data
[1.061s] creating /home/chirag/Aerospace/ROS2/autonomy_ws/install/guidance_node/share/ament_index
[1.061s] creating /home/chirag/Aerospace/ROS2/autonomy_ws/install/guidance_node/share/ament_index/resource_index
[1.061s] creating /home/chirag/Aerospace/ROS2/autonomy_ws/install/guidance_node/share/ament_index/resource_index/packages
[1.062s] copying resource/guidance_node -> /home/chirag/Aerospace/ROS2/autonomy_ws/install/guidance_node/share/ament_index/resource_index/packages
[1.062s] copying package.xml -> /home/chirag/Aerospace/ROS2/autonomy_ws/install/guidance_node/share/guidance_node
[1.062s] running install_egg_info
[1.073s] Copying ../../build/guidance_node/guidance_node.egg-info to /home/chirag/Aerospace/ROS2/autonomy_ws/install/guidance_node/lib/python3.12/site-packages/guidance_node-0.0.0-py3.12.egg-info
[1.074s] running install_scripts
[1.155s] Installing guidance_node script to /home/chirag/Aerospace/ROS2/autonomy_ws/install/guidance_node/lib/guidance_node
[1.155s] writing list of installed files to '/home/chirag/Aerospace/ROS2/autonomy_ws/build/guidance_node/install.log'
[1.176s] Invoked command in '/home/chirag/Aerospace/ROS2/autonomy_ws/src/guidance_node' returned '0': DEBUGINFOD_URLS=https://debuginfod.ubuntu.com PYTHONPATH=/home/chirag/Aerospace/ROS2/autonomy_ws/build/guidance_node/prefix_override:/usr/lib/python3/dist-packages/colcon_core/task/python/colcon_distutils_commands:/home/chirag/Aerospace/ROS2/autonomy_ws/install/guidance_node/lib/python3.12/site-packages:/home/chirag/Aerospace/ROS2/autonomy_ws/install/px4_msgs/lib/python3.12/site-packages:/home/chirag/Aerospace/ROS2/autonomy_ws/install/telemetry_node/lib/python3.12/site-packages:/home/chirag/Aerospace/ROS2/autonomy_ws/install/px4_telemetry_node/lib/python3.12/site-packages:/home/chirag/Aerospace/ROS2/autonomy_ws/install/px4_mission_node/lib/python3.12/site-packages:/home/chirag/Aerospace/ROS2/autonomy_ws/install/px4_command_node/lib/python3.12/site-packages:/home/chirag/Aerospace/ROS2/autonomy_ws/install/guidance_node/lib/python3.12/site-packages:/home/chirag/Aerospace/ros2_ws/install/telemetry_monitor/lib/python3.12/site-packages:/home/chirag/Aerospace/ros2_ws/install/px4_msgs/lib/python3.12/site-packages:/opt/ros/jazzy/lib/python3.12/site-packages /usr/bin/python3 -W ignore:setup.py install is deprecated -W ignore:easy_install command is deprecated setup.py egg_info --egg-base ../../build/guidance_node build --build-base /home/chirag/Aerospace/ROS2/autonomy_ws/build/guidance_node/build install --record /home/chirag/Aerospace/ROS2/autonomy_ws/build/guidance_node/install.log --single-version-externally-managed install_data
