[0.835s] Invoking command in '/home/chirag/Aerospace/ROS2/autonomy_ws/src/telemetry_node': DEBUGINFOD_URLS=https://debuginfod.ubuntu.com PS1=(.venv) \[\e]0;\u@\h: \w\a\]${debian_chroot:+($debian_chroot)}\[\033[01;32m\]\u@\h\[\033[00m\]:\[\033[01;34m\]\w\[\033[00m\]\$ PYTHONPATH=/home/chirag/Aerospace/ROS2/autonomy_ws/build/telemetry_node/prefix_override:/usr/lib/python3/dist-packages/colcon_core/task/python/colcon_distutils_commands:/home/chirag/Aerospace/ROS2/autonomy_ws/install/telemetry_node/lib/python3.12/site-packages:${PYTHONPATH} VIRTUAL_ENV_PROMPT=(.venv) /usr/bin/python3 -W ignore:setup.py install is deprecated -W ignore:easy_install command is deprecated setup.py egg_info --egg-base ../../build/telemetry_node build --build-base /home/chirag/Aerospace/ROS2/autonomy_ws/build/telemetry_node/build install --record /home/chirag/Aerospace/ROS2/autonomy_ws/build/telemetry_node/install.log --single-version-externally-managed install_data
[1.112s] running egg_info
[1.132s] writing ../../build/telemetry_node/telemetry_node.egg-info/PKG-INFO
[1.133s] writing dependency_links to ../../build/telemetry_node/telemetry_node.egg-info/dependency_links.txt
[1.133s] writing entry points to ../../build/telemetry_node/telemetry_node.egg-info/entry_points.txt
[1.134s] writing requirements to ../../build/telemetry_node/telemetry_node.egg-info/requires.txt
[1.134s] writing top-level names to ../../build/telemetry_node/telemetry_node.egg-info/top_level.txt
[1.173s] reading manifest file '../../build/telemetry_node/telemetry_node.egg-info/SOURCES.txt'
[1.175s] writing manifest file '../../build/telemetry_node/telemetry_node.egg-info/SOURCES.txt'
[1.175s] running build
[1.175s] running build_py
[1.175s] running install
[1.183s] running install_lib
[1.204s] running install_data
[1.204s] running install_egg_info
[1.225s] removing '/home/chirag/Aerospace/ROS2/autonomy_ws/install/telemetry_node/lib/python3.12/site-packages/telemetry_node-0.0.0-py3.12.egg-info' (and everything under it)
[1.226s] Copying ../../build/telemetry_node/telemetry_node.egg-info to /home/chirag/Aerospace/ROS2/autonomy_ws/install/telemetry_node/lib/python3.12/site-packages/telemetry_node-0.0.0-py3.12.egg-info
[1.227s] running install_scripts
[1.360s] Installing telemetry_publisher script to /home/chirag/Aerospace/ROS2/autonomy_ws/install/telemetry_node/lib/telemetry_node
[1.361s] writing list of installed files to '/home/chirag/Aerospace/ROS2/autonomy_ws/build/telemetry_node/install.log'
[1.427s] Invoked command in '/home/chirag/Aerospace/ROS2/autonomy_ws/src/telemetry_node' returned '0': DEBUGINFOD_URLS=https://debuginfod.ubuntu.com PS1=(.venv) \[\e]0;\u@\h: \w\a\]${debian_chroot:+($debian_chroot)}\[\033[01;32m\]\u@\h\[\033[00m\]:\[\033[01;34m\]\w\[\033[00m\]\$ PYTHONPATH=/home/chirag/Aerospace/ROS2/autonomy_ws/build/telemetry_node/prefix_override:/usr/lib/python3/dist-packages/colcon_core/task/python/colcon_distutils_commands:/home/chirag/Aerospace/ROS2/autonomy_ws/install/telemetry_node/lib/python3.12/site-packages:${PYTHONPATH} VIRTUAL_ENV_PROMPT=(.venv) /usr/bin/python3 -W ignore:setup.py install is deprecated -W ignore:easy_install command is deprecated setup.py egg_info --egg-base ../../build/telemetry_node build --build-base /home/chirag/Aerospace/ROS2/autonomy_ws/build/telemetry_node/build install --record /home/chirag/Aerospace/ROS2/autonomy_ws/build/telemetry_node/install.log --single-version-externally-managed install_data
