running egg_info
creating ../../build/telemetry_node/telemetry_node.egg-info
writing ../../build/telemetry_node/telemetry_node.egg-info/PKG-INFO
writing dependency_links to ../../build/telemetry_node/telemetry_node.egg-info/dependency_links.txt
writing entry points to ../../build/telemetry_node/telemetry_node.egg-info/entry_points.txt
writing requirements to ../../build/telemetry_node/telemetry_node.egg-info/requires.txt
writing top-level names to ../../build/telemetry_node/telemetry_node.egg-info/top_level.txt
writing manifest file '../../build/telemetry_node/telemetry_node.egg-info/SOURCES.txt'
reading manifest file '../../build/telemetry_node/telemetry_node.egg-info/SOURCES.txt'
writing manifest file '../../build/telemetry_node/telemetry_node.egg-info/SOURCES.txt'
running build
running build_py
creating /home/chirag/Aerospace/ROS2/autonomy_ws/build/telemetry_node/build
creating /home/chirag/Aerospace/ROS2/autonomy_ws/build/telemetry_node/build/lib
creating /home/chirag/Aerospace/ROS2/autonomy_ws/build/telemetry_node/build/lib/telemetry_node
copying telemetry_node/telemetry_publisher.py -> /home/chirag/Aerospace/ROS2/autonomy_ws/build/telemetry_node/build/lib/telemetry_node
copying telemetry_node/__init__.py -> /home/chirag/Aerospace/ROS2/autonomy_ws/build/telemetry_node/build/lib/telemetry_node
running install
running install_lib
creating /home/chirag/Aerospace/ROS2/autonomy_ws/install/telemetry_node/lib/python3.12/site-packages/telemetry_node
copying /home/chirag/Aerospace/ROS2/autonomy_ws/build/telemetry_node/build/lib/telemetry_node/telemetry_publisher.py -> /home/chirag/Aerospace/ROS2/autonomy_ws/install/telemetry_node/lib/python3.12/site-packages/telemetry_node
copying /home/chirag/Aerospace/ROS2/autonomy_ws/build/telemetry_node/build/lib/telemetry_node/__init__.py -> /home/chirag/Aerospace/ROS2/autonomy_ws/install/telemetry_node/lib/python3.12/site-packages/telemetry_node
byte-compiling /home/chirag/Aerospace/ROS2/autonomy_ws/install/telemetry_node/lib/python3.12/site-packages/telemetry_node/telemetry_publisher.py to telemetry_publisher.cpython-312.pyc
byte-compiling /home/chirag/Aerospace/ROS2/autonomy_ws/install/telemetry_node/lib/python3.12/site-packages/telemetry_node/__init__.py to __init__.cpython-312.pyc
running install_data
creating /home/chirag/Aerospace/ROS2/autonomy_ws/install/telemetry_node/share/ament_index
creating /home/chirag/Aerospace/ROS2/autonomy_ws/install/telemetry_node/share/ament_index/resource_index
creating /home/chirag/Aerospace/ROS2/autonomy_ws/install/telemetry_node/share/ament_index/resource_index/packages
copying resource/telemetry_node -> /home/chirag/Aerospace/ROS2/autonomy_ws/install/telemetry_node/share/ament_index/resource_index/packages
copying package.xml -> /home/chirag/Aerospace/ROS2/autonomy_ws/install/telemetry_node/share/telemetry_node
running install_egg_info
Copying ../../build/telemetry_node/telemetry_node.egg-info to /home/chirag/Aerospace/ROS2/autonomy_ws/install/telemetry_node/lib/python3.12/site-packages/telemetry_node-0.0.0-py3.12.egg-info
running install_scripts
Installing telemetry_publisher script to /home/chirag/Aerospace/ROS2/autonomy_ws/install/telemetry_node/lib/telemetry_node
writing list of installed files to '/home/chirag/Aerospace/ROS2/autonomy_ws/build/telemetry_node/install.log'
