[0.457s] Invoking command in '/home/chirag/Aerospace/ROS2/autonomy_ws/src/telemetry_node': DEBUGINFOD_URLS=https://debuginfod.ubuntu.com PYTHONPATH=/home/chirag/Aerospace/ROS2/autonomy_ws/build/telemetry_node/prefix_override:/usr/lib/python3/dist-packages/colcon_core/task/python/colcon_distutils_commands:/home/chirag/Aerospace/ROS2/autonomy_ws/install/telemetry_node/lib/python3.12/site-packages:${PYTHONPATH} /usr/bin/python3 -W ignore:setup.py install is deprecated -W ignore:easy_install command is deprecated setup.py egg_info --egg-base ../../build/telemetry_node build --build-base /home/chirag/Aerospace/ROS2/autonomy_ws/build/telemetry_node/build install --record /home/chirag/Aerospace/ROS2/autonomy_ws/build/telemetry_node/install.log --single-version-externally-managed install_data
[0.615s] running egg_info
[0.615s] creating ../../build/telemetry_node/telemetry_node.egg-info
[0.625s] writing ../../build/telemetry_node/telemetry_node.egg-info/PKG-INFO
[0.625s] writing dependency_links to ../../build/telemetry_node/telemetry_node.egg-info/dependency_links.txt
[0.625s] writing entry points to ../../build/telemetry_node/telemetry_node.egg-info/entry_points.txt
[0.625s] writing requirements to ../../build/telemetry_node/telemetry_node.egg-info/requires.txt
[0.625s] writing top-level names to ../../build/telemetry_node/telemetry_node.egg-info/top_level.txt
[0.626s] writing manifest file '../../build/telemetry_node/telemetry_node.egg-info/SOURCES.txt'
[0.647s] reading manifest file '../../build/telemetry_node/telemetry_node.egg-info/SOURCES.txt'
[0.648s] writing manifest file '../../build/telemetry_node/telemetry_node.egg-info/SOURCES.txt'
[0.648s] running build
[0.648s] running build_py
[0.648s] creating /home/chirag/Aerospace/ROS2/autonomy_ws/build/telemetry_node/build
[0.648s] creating /home/chirag/Aerospace/ROS2/autonomy_ws/build/telemetry_node/build/lib
[0.648s] creating /home/chirag/Aerospace/ROS2/autonomy_ws/build/telemetry_node/build/lib/telemetry_node
[0.648s] copying telemetry_node/telemetry_publisher.py -> /home/chirag/Aerospace/ROS2/autonomy_ws/build/telemetry_node/build/lib/telemetry_node
[0.648s] copying telemetry_node/__init__.py -> /home/chirag/Aerospace/ROS2/autonomy_ws/build/telemetry_node/build/lib/telemetry_node
[0.648s] running install
[0.652s] running install_lib
[0.663s] creating /home/chirag/Aerospace/ROS2/autonomy_ws/install/telemetry_node/lib/python3.12/site-packages/telemetry_node
[0.663s] copying /home/chirag/Aerospace/ROS2/autonomy_ws/build/telemetry_node/build/lib/telemetry_node/telemetry_publisher.py -> /home/chirag/Aerospace/ROS2/autonomy_ws/install/telemetry_node/lib/python3.12/site-packages/telemetry_node
[0.663s] copying /home/chirag/Aerospace/ROS2/autonomy_ws/build/telemetry_node/build/lib/telemetry_node/__init__.py -> /home/chirag/Aerospace/ROS2/autonomy_ws/install/telemetry_node/lib/python3.12/site-packages/telemetry_node
[0.663s] byte-compiling /home/chirag/Aerospace/ROS2/autonomy_ws/install/telemetry_node/lib/python3.12/site-packages/telemetry_node/telemetry_publisher.py to telemetry_publisher.cpython-312.pyc
[0.664s] byte-compiling /home/chirag/Aerospace/ROS2/autonomy_ws/install/telemetry_node/lib/python3.12/site-packages/telemetry_node/__init__.py to __init__.cpython-312.pyc
[0.664s] running install_data
[0.664s] creating /home/chirag/Aerospace/ROS2/autonomy_ws/install/telemetry_node/share/ament_index
[0.664s] creating /home/chirag/Aerospace/ROS2/autonomy_ws/install/telemetry_node/share/ament_index/resource_index
[0.664s] creating /home/chirag/Aerospace/ROS2/autonomy_ws/install/telemetry_node/share/ament_index/resource_index/packages
[0.664s] copying resource/telemetry_node -> /home/chirag/Aerospace/ROS2/autonomy_ws/install/telemetry_node/share/ament_index/resource_index/packages
[0.664s] copying package.xml -> /home/chirag/Aerospace/ROS2/autonomy_ws/install/telemetry_node/share/telemetry_node
[0.664s] running install_egg_info
[0.676s] Copying ../../build/telemetry_node/telemetry_node.egg-info to /home/chirag/Aerospace/ROS2/autonomy_ws/install/telemetry_node/lib/python3.12/site-packages/telemetry_node-0.0.0-py3.12.egg-info
[0.676s] running install_scripts
[0.754s] Installing telemetry_publisher script to /home/chirag/Aerospace/ROS2/autonomy_ws/install/telemetry_node/lib/telemetry_node
[0.754s] writing list of installed files to '/home/chirag/Aerospace/ROS2/autonomy_ws/build/telemetry_node/install.log'
[0.772s] Invoked command in '/home/chirag/Aerospace/ROS2/autonomy_ws/src/telemetry_node' returned '0': DEBUGINFOD_URLS=https://debuginfod.ubuntu.com PYTHONPATH=/home/chirag/Aerospace/ROS2/autonomy_ws/build/telemetry_node/prefix_override:/usr/lib/python3/dist-packages/colcon_core/task/python/colcon_distutils_commands:/home/chirag/Aerospace/ROS2/autonomy_ws/install/telemetry_node/lib/python3.12/site-packages:${PYTHONPATH} /usr/bin/python3 -W ignore:setup.py install is deprecated -W ignore:easy_install command is deprecated setup.py egg_info --egg-base ../../build/telemetry_node build --build-base /home/chirag/Aerospace/ROS2/autonomy_ws/build/telemetry_node/build install --record /home/chirag/Aerospace/ROS2/autonomy_ws/build/telemetry_node/install.log --single-version-externally-managed install_data
