[0.573s] Invoking command in '/home/chirag/Aerospace/ROS2/autonomy_ws/src/telemetry_node': DEBUGINFOD_URLS=https://debuginfod.ubuntu.com PYTHONPATH=/home/chirag/Aerospace/ROS2/autonomy_ws/build/telemetry_node/prefix_override:/usr/lib/python3/dist-packages/colcon_core/task/python/colcon_distutils_commands:/home/chirag/Aerospace/ROS2/autonomy_ws/install/telemetry_node/lib/python3.12/site-packages:${PYTHONPATH} /usr/bin/python3 -W ignore:setup.py install is deprecated -W ignore:easy_install command is deprecated setup.py egg_info --egg-base ../../build/telemetry_node build --build-base /home/chirag/Aerospace/ROS2/autonomy_ws/build/telemetry_node/build install --record /home/chirag/Aerospace/ROS2/autonomy_ws/build/telemetry_node/install.log --single-version-externally-managed install_data
[0.711s] running egg_info
[0.711s] creating ../../build/telemetry_node/telemetry_node.egg-info
[0.720s] writing ../../build/telemetry_node/telemetry_node.egg-info/PKG-INFO
[0.721s] writing dependency_links to ../../build/telemetry_node/telemetry_node.egg-info/dependency_links.txt
[0.721s] writing entry points to ../../build/telemetry_node/telemetry_node.egg-info/entry_points.txt
[0.721s] writing requirements to ../../build/telemetry_node/telemetry_node.egg-info/requires.txt
[0.721s] writing top-level names to ../../build/telemetry_node/telemetry_node.egg-info/top_level.txt
[0.721s] writing manifest file '../../build/telemetry_node/telemetry_node.egg-info/SOURCES.txt'
[0.739s] reading manifest file '../../build/telemetry_node/telemetry_node.egg-info/SOURCES.txt'
[0.740s] writing manifest file '../../build/telemetry_node/telemetry_node.egg-info/SOURCES.txt'
[0.740s] running build
[0.740s] running build_py
[0.740s] creating /home/chirag/Aerospace/ROS2/autonomy_ws/build/telemetry_node/build
[0.740s] creating /home/chirag/Aerospace/ROS2/autonomy_ws/build/telemetry_node/build/lib
[0.740s] creating /home/chirag/Aerospace/ROS2/autonomy_ws/build/telemetry_node/build/lib/telemetry_node
[0.740s] copying telemetry_node/telemetry_publisher.py -> /home/chirag/Aerospace/ROS2/autonomy_ws/build/telemetry_node/build/lib/telemetry_node
[0.740s] copying telemetry_node/__init__.py -> /home/chirag/Aerospace/ROS2/autonomy_ws/build/telemetry_node/build/lib/telemetry_node
[0.740s] running install
[0.743s] running install_lib
[0.753s] creating /home/chirag/Aerospace/ROS2/autonomy_ws/install/telemetry_node/lib/python3.12/site-packages/telemetry_node
[0.753s] copying /home/chirag/Aerospace/ROS2/autonomy_ws/build/telemetry_node/build/lib/telemetry_node/telemetry_publisher.py -> /home/chirag/Aerospace/ROS2/autonomy_ws/install/telemetry_node/lib/python3.12/site-packages/telemetry_node
[0.753s] copying /home/chirag/Aerospace/ROS2/autonomy_ws/build/telemetry_node/build/lib/telemetry_node/__init__.py -> /home/chirag/Aerospace/ROS2/autonomy_ws/install/telemetry_node/lib/python3.12/site-packages/telemetry_node
[0.753s] byte-compiling /home/chirag/Aerospace/ROS2/autonomy_ws/install/telemetry_node/lib/python3.12/site-packages/telemetry_node/telemetry_publisher.py to telemetry_publisher.cpython-312.pyc
[0.754s] byte-compiling /home/chirag/Aerospace/ROS2/autonomy_ws/install/telemetry_node/lib/python3.12/site-packages/telemetry_node/__init__.py to __init__.cpython-312.pyc
[0.754s] running install_data
[0.754s] creating /home/chirag/Aerospace/ROS2/autonomy_ws/install/telemetry_node/share/ament_index
[0.754s] creating /home/chirag/Aerospace/ROS2/autonomy_ws/install/telemetry_node/share/ament_index/resource_index
[0.754s] creating /home/chirag/Aerospace/ROS2/autonomy_ws/install/telemetry_node/share/ament_index/resource_index/packages
[0.754s] copying resource/telemetry_node -> /home/chirag/Aerospace/ROS2/autonomy_ws/install/telemetry_node/share/ament_index/resource_index/packages
[0.754s] copying package.xml -> /home/chirag/Aerospace/ROS2/autonomy_ws/install/telemetry_node/share/telemetry_node
[0.754s] running install_egg_info
[0.764s] Copying ../../build/telemetry_node/telemetry_node.egg-info to /home/chirag/Aerospace/ROS2/autonomy_ws/install/telemetry_node/lib/python3.12/site-packages/telemetry_node-0.0.0-py3.12.egg-info
[0.764s] running install_scripts
[0.831s] Installing telemetry_publisher script to /home/chirag/Aerospace/ROS2/autonomy_ws/install/telemetry_node/lib/telemetry_node
[0.831s] writing list of installed files to '/home/chirag/Aerospace/ROS2/autonomy_ws/build/telemetry_node/install.log'
[0.846s] Invoked command in '/home/chirag/Aerospace/ROS2/autonomy_ws/src/telemetry_node' returned '0': DEBUGINFOD_URLS=https://debuginfod.ubuntu.com PYTHONPATH=/home/chirag/Aerospace/ROS2/autonomy_ws/build/telemetry_node/prefix_override:/usr/lib/python3/dist-packages/colcon_core/task/python/colcon_distutils_commands:/home/chirag/Aerospace/ROS2/autonomy_ws/install/telemetry_node/lib/python3.12/site-packages:${PYTHONPATH} /usr/bin/python3 -W ignore:setup.py install is deprecated -W ignore:easy_install command is deprecated setup.py egg_info --egg-base ../../build/telemetry_node build --build-base /home/chirag/Aerospace/ROS2/autonomy_ws/build/telemetry_node/build install --record /home/chirag/Aerospace/ROS2/autonomy_ws/build/telemetry_node/install.log --single-version-externally-managed install_data
