[0.500s] Invoking command in '/home/chirag/Aerospace/ROS2/autonomy_ws/src/telemetry_node': DEBUGINFOD_URLS=https://debuginfod.ubuntu.com PYTHONPATH=/home/chirag/Aerospace/ROS2/autonomy_ws/build/telemetry_node/prefix_override:/usr/lib/python3/dist-packages/colcon_core/task/python/colcon_distutils_commands:/home/chirag/Aerospace/ROS2/autonomy_ws/install/telemetry_node/lib/python3.12/site-packages:${PYTHONPATH} /usr/bin/python3 -W ignore:setup.py install is deprecated -W ignore:easy_install command is deprecated setup.py egg_info --egg-base ../../build/telemetry_node build --build-base /home/chirag/Aerospace/ROS2/autonomy_ws/build/telemetry_node/build install --record /home/chirag/Aerospace/ROS2/autonomy_ws/build/telemetry_node/install.log --single-version-externally-managed install_data
[0.644s] running egg_info
[0.654s] writing ../../build/telemetry_node/telemetry_node.egg-info/PKG-INFO
[0.654s] writing dependency_links to ../../build/telemetry_node/telemetry_node.egg-info/dependency_links.txt
[0.654s] writing entry points to ../../build/telemetry_node/telemetry_node.egg-info/entry_points.txt
[0.654s] writing requirements to ../../build/telemetry_node/telemetry_node.egg-info/requires.txt
[0.654s] writing top-level names to ../../build/telemetry_node/telemetry_node.egg-info/top_level.txt
[0.674s] reading manifest file '../../build/telemetry_node/telemetry_node.egg-info/SOURCES.txt'
[0.675s] writing manifest file '../../build/telemetry_node/telemetry_node.egg-info/SOURCES.txt'
[0.675s] running build
[0.675s] running build_py
[0.675s] copying telemetry_node/telemetry_publisher.py -> /home/chirag/Aerospace/ROS2/autonomy_ws/build/telemetry_node/build/lib/telemetry_node
[0.675s] running install
[0.679s] running install_lib
[0.688s] copying /home/chirag/Aerospace/ROS2/autonomy_ws/build/telemetry_node/build/lib/telemetry_node/telemetry_publisher.py -> /home/chirag/Aerospace/ROS2/autonomy_ws/install/telemetry_node/lib/python3.12/site-packages/telemetry_node
[0.689s] byte-compiling /home/chirag/Aerospace/ROS2/autonomy_ws/install/telemetry_node/lib/python3.12/site-packages/telemetry_node/telemetry_publisher.py to telemetry_publisher.cpython-312.pyc
[0.689s] running install_data
[0.689s] running install_egg_info
[0.699s] removing '/home/chirag/Aerospace/ROS2/autonomy_ws/install/telemetry_node/lib/python3.12/site-packages/telemetry_node-0.0.0-py3.12.egg-info' (and everything under it)
[0.700s] Copying ../../build/telemetry_node/telemetry_node.egg-info to /home/chirag/Aerospace/ROS2/autonomy_ws/install/telemetry_node/lib/python3.12/site-packages/telemetry_node-0.0.0-py3.12.egg-info
[0.700s] running install_scripts
[0.769s] Installing telemetry_publisher script to /home/chirag/Aerospace/ROS2/autonomy_ws/install/telemetry_node/lib/telemetry_node
[0.769s] writing list of installed files to '/home/chirag/Aerospace/ROS2/autonomy_ws/build/telemetry_node/install.log'
[0.784s] Invoked command in '/home/chirag/Aerospace/ROS2/autonomy_ws/src/telemetry_node' returned '0': DEBUGINFOD_URLS=https://debuginfod.ubuntu.com PYTHONPATH=/home/chirag/Aerospace/ROS2/autonomy_ws/build/telemetry_node/prefix_override:/usr/lib/python3/dist-packages/colcon_core/task/python/colcon_distutils_commands:/home/chirag/Aerospace/ROS2/autonomy_ws/install/telemetry_node/lib/python3.12/site-packages:${PYTHONPATH} /usr/bin/python3 -W ignore:setup.py install is deprecated -W ignore:easy_install command is deprecated setup.py egg_info --egg-base ../../build/telemetry_node build --build-base /home/chirag/Aerospace/ROS2/autonomy_ws/build/telemetry_node/build install --record /home/chirag/Aerospace/ROS2/autonomy_ws/build/telemetry_node/install.log --single-version-externally-managed install_data
