[1.287s] Invoking command in '/home/chirag/Aerospace/ROS2/autonomy_ws/src/px4_mission_node': DEBUGINFOD_URLS=https://debuginfod.ubuntu.com PYTHONPATH=/home/chirag/Aerospace/ROS2/autonomy_ws/build/px4_mission_node/prefix_override:/usr/lib/python3/dist-packages/colcon_core/task/python/colcon_distutils_commands:/home/chirag/Aerospace/ROS2/autonomy_ws/install/px4_mission_node/lib/python3.12/site-packages:/home/chirag/Aerospace/ROS2/autonomy_ws/install/px4_msgs/lib/python3.12/site-packages:/home/chirag/Aerospace/ROS2/autonomy_ws/install/telemetry_node/lib/python3.12/site-packages:/home/chirag/Aerospace/ROS2/autonomy_ws/install/px4_telemetry_node/lib/python3.12/site-packages:/home/chirag/Aerospace/ROS2/autonomy_ws/install/px4_mission_node/lib/python3.12/site-packages:/home/chirag/Aerospace/ROS2/autonomy_ws/install/px4_command_node/lib/python3.12/site-packages:/home/chirag/Aerospace/ros2_ws/install/telemetry_monitor/lib/python3.12/site-packages:/home/chirag/Aerospace/ros2_ws/install/px4_msgs/lib/python3.12/site-packages:/opt/ros/jazzy/lib/python3.12/site-packages /usr/bin/python3 -W ignore:setup.py install is deprecated -W ignore:easy_install command is deprecated setup.py egg_info --egg-base ../../build/px4_mission_node build --build-base /home/chirag/Aerospace/ROS2/autonomy_ws/build/px4_mission_node/build install --record /home/chirag/Aerospace/ROS2/autonomy_ws/build/px4_mission_node/install.log --single-version-externally-managed install_data
[1.536s] running egg_info
[1.553s] writing ../../build/px4_mission_node/px4_mission_node.egg-info/PKG-INFO
[1.553s] writing dependency_links to ../../build/px4_mission_node/px4_mission_node.egg-info/dependency_links.txt
[1.553s] writing entry points to ../../build/px4_mission_node/px4_mission_node.egg-info/entry_points.txt
[1.554s] writing requirements to ../../build/px4_mission_node/px4_mission_node.egg-info/requires.txt
[1.554s] writing top-level names to ../../build/px4_mission_node/px4_mission_node.egg-info/top_level.txt
[1.589s] reading manifest file '../../build/px4_mission_node/px4_mission_node.egg-info/SOURCES.txt'
[1.590s] writing manifest file '../../build/px4_mission_node/px4_mission_node.egg-info/SOURCES.txt'
[1.590s] running build
[1.590s] running build_py
[1.590s] copying px4_mission_node/offboard_mission_executor.py -> /home/chirag/Aerospace/ROS2/autonomy_ws/build/px4_mission_node/build/lib/px4_mission_node
[1.591s] running install
[1.596s] running install_lib
[1.616s] copying /home/chirag/Aerospace/ROS2/autonomy_ws/build/px4_mission_node/build/lib/px4_mission_node/offboard_mission_executor.py -> /home/chirag/Aerospace/ROS2/autonomy_ws/install/px4_mission_node/lib/python3.12/site-packages/px4_mission_node
[1.617s] byte-compiling /home/chirag/Aerospace/ROS2/autonomy_ws/install/px4_mission_node/lib/python3.12/site-packages/px4_mission_node/offboard_mission_executor.py to offboard_mission_executor.cpython-312.pyc
[1.619s] running install_data
[1.619s] running install_egg_info
[1.640s] removing '/home/chirag/Aerospace/ROS2/autonomy_ws/install/px4_mission_node/lib/python3.12/site-packages/px4_mission_node-0.0.0-py3.12.egg-info' (and everything under it)
[1.640s] Copying ../../build/px4_mission_node/px4_mission_node.egg-info to /home/chirag/Aerospace/ROS2/autonomy_ws/install/px4_mission_node/lib/python3.12/site-packages/px4_mission_node-0.0.0-py3.12.egg-info
[1.642s] running install_scripts
[1.787s] Installing mission_node script to /home/chirag/Aerospace/ROS2/autonomy_ws/install/px4_mission_node/lib/px4_mission_node
[1.787s] Installing offboard_mission_executor script to /home/chirag/Aerospace/ROS2/autonomy_ws/install/px4_mission_node/lib/px4_mission_node
[1.788s] writing list of installed files to '/home/chirag/Aerospace/ROS2/autonomy_ws/build/px4_mission_node/install.log'
[1.846s] Invoked command in '/home/chirag/Aerospace/ROS2/autonomy_ws/src/px4_mission_node' returned '0': DEBUGINFOD_URLS=https://debuginfod.ubuntu.com PYTHONPATH=/home/chirag/Aerospace/ROS2/autonomy_ws/build/px4_mission_node/prefix_override:/usr/lib/python3/dist-packages/colcon_core/task/python/colcon_distutils_commands:/home/chirag/Aerospace/ROS2/autonomy_ws/install/px4_mission_node/lib/python3.12/site-packages:/home/chirag/Aerospace/ROS2/autonomy_ws/install/px4_msgs/lib/python3.12/site-packages:/home/chirag/Aerospace/ROS2/autonomy_ws/install/telemetry_node/lib/python3.12/site-packages:/home/chirag/Aerospace/ROS2/autonomy_ws/install/px4_telemetry_node/lib/python3.12/site-packages:/home/chirag/Aerospace/ROS2/autonomy_ws/install/px4_mission_node/lib/python3.12/site-packages:/home/chirag/Aerospace/ROS2/autonomy_ws/install/px4_command_node/lib/python3.12/site-packages:/home/chirag/Aerospace/ros2_ws/install/telemetry_monitor/lib/python3.12/site-packages:/home/chirag/Aerospace/ros2_ws/install/px4_msgs/lib/python3.12/site-packages:/opt/ros/jazzy/lib/python3.12/site-packages /usr/bin/python3 -W ignore:setup.py install is deprecated -W ignore:easy_install command is deprecated setup.py egg_info --egg-base ../../build/px4_mission_node build --build-base /home/chirag/Aerospace/ROS2/autonomy_ws/build/px4_mission_node/build install --record /home/chirag/Aerospace/ROS2/autonomy_ws/build/px4_mission_node/install.log --single-version-externally-managed install_data
