[1.647s] Invoking command in '/home/chirag/Aerospace/ROS2/autonomy_ws/src/px4_command_node': DEBUGINFOD_URLS=https://debuginfod.ubuntu.com PYTHONPATH=/home/chirag/Aerospace/ROS2/autonomy_ws/build/px4_command_node/prefix_override:/usr/lib/python3/dist-packages/colcon_core/task/python/colcon_distutils_commands:/home/chirag/Aerospace/ROS2/autonomy_ws/install/px4_command_node/lib/python3.12/site-packages:/home/chirag/Aerospace/ROS2/autonomy_ws/install/px4_msgs/lib/python3.12/site-packages:/home/chirag/Aerospace/ROS2/autonomy_ws/install/telemetry_node/lib/python3.12/site-packages:/home/chirag/Aerospace/ROS2/autonomy_ws/install/px4_telemetry_node/lib/python3.12/site-packages:/home/chirag/Aerospace/ROS2/autonomy_ws/install/px4_mission_node/lib/python3.12/site-packages:/home/chirag/Aerospace/ROS2/autonomy_ws/install/px4_command_node/lib/python3.12/site-packages:/home/chirag/Aerospace/ROS2/autonomy_ws/install/guidance_node/lib/python3.12/site-packages:/home/chirag/Aerospace/ros2_ws/install/telemetry_monitor/lib/python3.12/site-packages:/home/chirag/Aerospace/ros2_ws/install/px4_msgs/lib/python3.12/site-packages:/opt/ros/jazzy/lib/python3.12/site-packages /usr/bin/python3 -W ignore:setup.py install is deprecated -W ignore:easy_install command is deprecated setup.py egg_info --egg-base ../../build/px4_command_node build --build-base /home/chirag/Aerospace/ROS2/autonomy_ws/build/px4_command_node/build install --record /home/chirag/Aerospace/ROS2/autonomy_ws/build/px4_command_node/install.log --single-version-externally-managed install_data
[1.979s] running egg_info
[2.009s] writing ../../build/px4_command_node/px4_command_node.egg-info/PKG-INFO
[2.009s] writing dependency_links to ../../build/px4_command_node/px4_command_node.egg-info/dependency_links.txt
[2.009s] writing entry points to ../../build/px4_command_node/px4_command_node.egg-info/entry_points.txt
[2.009s] writing requirements to ../../build/px4_command_node/px4_command_node.egg-info/requires.txt
[2.010s] writing top-level names to ../../build/px4_command_node/px4_command_node.egg-info/top_level.txt
[2.063s] reading manifest file '../../build/px4_command_node/px4_command_node.egg-info/SOURCES.txt'
[2.064s] writing manifest file '../../build/px4_command_node/px4_command_node.egg-info/SOURCES.txt'
[2.065s] running build
[2.065s] running build_py
[2.065s] running install
[2.073s] running install_lib
[2.100s] running install_data
[2.100s] running install_egg_info
[2.126s] removing '/home/chirag/Aerospace/ROS2/autonomy_ws/install/px4_command_node/lib/python3.12/site-packages/px4_command_node-0.0.0-py3.12.egg-info' (and everything under it)
[2.126s] Copying ../../build/px4_command_node/px4_command_node.egg-info to /home/chirag/Aerospace/ROS2/autonomy_ws/install/px4_command_node/lib/python3.12/site-packages/px4_command_node-0.0.0-py3.12.egg-info
[2.127s] running install_scripts
[2.301s] Installing command_node script to /home/chirag/Aerospace/ROS2/autonomy_ws/install/px4_command_node/lib/px4_command_node
[2.301s] writing list of installed files to '/home/chirag/Aerospace/ROS2/autonomy_ws/build/px4_command_node/install.log'
[2.385s] Invoked command in '/home/chirag/Aerospace/ROS2/autonomy_ws/src/px4_command_node' returned '0': DEBUGINFOD_URLS=https://debuginfod.ubuntu.com PYTHONPATH=/home/chirag/Aerospace/ROS2/autonomy_ws/build/px4_command_node/prefix_override:/usr/lib/python3/dist-packages/colcon_core/task/python/colcon_distutils_commands:/home/chirag/Aerospace/ROS2/autonomy_ws/install/px4_command_node/lib/python3.12/site-packages:/home/chirag/Aerospace/ROS2/autonomy_ws/install/px4_msgs/lib/python3.12/site-packages:/home/chirag/Aerospace/ROS2/autonomy_ws/install/telemetry_node/lib/python3.12/site-packages:/home/chirag/Aerospace/ROS2/autonomy_ws/install/px4_telemetry_node/lib/python3.12/site-packages:/home/chirag/Aerospace/ROS2/autonomy_ws/install/px4_mission_node/lib/python3.12/site-packages:/home/chirag/Aerospace/ROS2/autonomy_ws/install/px4_command_node/lib/python3.12/site-packages:/home/chirag/Aerospace/ROS2/autonomy_ws/install/guidance_node/lib/python3.12/site-packages:/home/chirag/Aerospace/ros2_ws/install/telemetry_monitor/lib/python3.12/site-packages:/home/chirag/Aerospace/ros2_ws/install/px4_msgs/lib/python3.12/site-packages:/opt/ros/jazzy/lib/python3.12/site-packages /usr/bin/python3 -W ignore:setup.py install is deprecated -W ignore:easy_install command is deprecated setup.py egg_info --egg-base ../../build/px4_command_node build --build-base /home/chirag/Aerospace/ROS2/autonomy_ws/build/px4_command_node/build install --record /home/chirag/Aerospace/ROS2/autonomy_ws/build/px4_command_node/install.log --single-version-externally-managed install_data
