running egg_info
creating ../../build/px4_mission_node/px4_mission_node.egg-info
writing ../../build/px4_mission_node/px4_mission_node.egg-info/PKG-INFO
writing dependency_links to ../../build/px4_mission_node/px4_mission_node.egg-info/dependency_links.txt
writing entry points to ../../build/px4_mission_node/px4_mission_node.egg-info/entry_points.txt
writing requirements to ../../build/px4_mission_node/px4_mission_node.egg-info/requires.txt
writing top-level names to ../../build/px4_mission_node/px4_mission_node.egg-info/top_level.txt
writing manifest file '../../build/px4_mission_node/px4_mission_node.egg-info/SOURCES.txt'
reading manifest file '../../build/px4_mission_node/px4_mission_node.egg-info/SOURCES.txt'
writing manifest file '../../build/px4_mission_node/px4_mission_node.egg-info/SOURCES.txt'
running build
running build_py
creating /home/chirag/Aerospace/ROS2/autonomy_ws/build/px4_mission_node/build
creating /home/chirag/Aerospace/ROS2/autonomy_ws/build/px4_mission_node/build/lib
creating /home/chirag/Aerospace/ROS2/autonomy_ws/build/px4_mission_node/build/lib/px4_mission_node
copying px4_mission_node/offboard_mission_executor.py -> /home/chirag/Aerospace/ROS2/autonomy_ws/build/px4_mission_node/build/lib/px4_mission_node
copying px4_mission_node/mission_node.py -> /home/chirag/Aerospace/ROS2/autonomy_ws/build/px4_mission_node/build/lib/px4_mission_node
copying px4_mission_node/__init__.py -> /home/chirag/Aerospace/ROS2/autonomy_ws/build/px4_mission_node/build/lib/px4_mission_node
running install
running install_lib
creating /home/chirag/Aerospace/ROS2/autonomy_ws/install/px4_mission_node/lib/python3.12/site-packages/px4_mission_node
copying /home/chirag/Aerospace/ROS2/autonomy_ws/build/px4_mission_node/build/lib/px4_mission_node/offboard_mission_executor.py -> /home/chirag/Aerospace/ROS2/autonomy_ws/install/px4_mission_node/lib/python3.12/site-packages/px4_mission_node
copying /home/chirag/Aerospace/ROS2/autonomy_ws/build/px4_mission_node/build/lib/px4_mission_node/mission_node.py -> /home/chirag/Aerospace/ROS2/autonomy_ws/install/px4_mission_node/lib/python3.12/site-packages/px4_mission_node
copying /home/chirag/Aerospace/ROS2/autonomy_ws/build/px4_mission_node/build/lib/px4_mission_node/__init__.py -> /home/chirag/Aerospace/ROS2/autonomy_ws/install/px4_mission_node/lib/python3.12/site-packages/px4_mission_node
byte-compiling /home/chirag/Aerospace/ROS2/autonomy_ws/install/px4_mission_node/lib/python3.12/site-packages/px4_mission_node/offboard_mission_executor.py to offboard_mission_executor.cpython-312.pyc
byte-compiling /home/chirag/Aerospace/ROS2/autonomy_ws/install/px4_mission_node/lib/python3.12/site-packages/px4_mission_node/mission_node.py to mission_node.cpython-312.pyc
byte-compiling /home/chirag/Aerospace/ROS2/autonomy_ws/install/px4_mission_node/lib/python3.12/site-packages/px4_mission_node/__init__.py to __init__.cpython-312.pyc
running install_data
creating /home/chirag/Aerospace/ROS2/autonomy_ws/install/px4_mission_node/share/ament_index
creating /home/chirag/Aerospace/ROS2/autonomy_ws/install/px4_mission_node/share/ament_index/resource_index
creating /home/chirag/Aerospace/ROS2/autonomy_ws/install/px4_mission_node/share/ament_index/resource_index/packages
copying resource/px4_mission_node -> /home/chirag/Aerospace/ROS2/autonomy_ws/install/px4_mission_node/share/ament_index/resource_index/packages
copying package.xml -> /home/chirag/Aerospace/ROS2/autonomy_ws/install/px4_mission_node/share/px4_mission_node
running install_egg_info
Copying ../../build/px4_mission_node/px4_mission_node.egg-info to /home/chirag/Aerospace/ROS2/autonomy_ws/install/px4_mission_node/lib/python3.12/site-packages/px4_mission_node-0.0.0-py3.12.egg-info
running install_scripts
Installing mission_node script to /home/chirag/Aerospace/ROS2/autonomy_ws/install/px4_mission_node/lib/px4_mission_node
Installing offboard_mission_executor script to /home/chirag/Aerospace/ROS2/autonomy_ws/install/px4_mission_node/lib/px4_mission_node
writing list of installed files to '/home/chirag/Aerospace/ROS2/autonomy_ws/build/px4_mission_node/install.log'
