[0.849s] Invoking command in '/home/chirag/Aerospace/ROS2/autonomy_ws/src/px4_mission_node': DEBUGINFOD_URLS=https://debuginfod.ubuntu.com PYTHONPATH=/home/chirag/Aerospace/ROS2/autonomy_ws/build/px4_mission_node/prefix_override:/usr/lib/python3/dist-packages/colcon_core/task/python/colcon_distutils_commands:/home/chirag/Aerospace/ROS2/autonomy_ws/install/px4_mission_node/lib/python3.12/site-packages:/home/chirag/Aerospace/ROS2/autonomy_ws/install/px4_msgs/lib/python3.12/site-packages:/home/chirag/Aerospace/ROS2/autonomy_ws/install/telemetry_node/lib/python3.12/site-packages:/home/chirag/Aerospace/ROS2/autonomy_ws/install/px4_telemetry_node/lib/python3.12/site-packages:/home/chirag/Aerospace/ROS2/autonomy_ws/install/px4_mission_node/lib/python3.12/site-packages:/home/chirag/Aerospace/ROS2/autonomy_ws/install/px4_command_node/lib/python3.12/site-packages:/home/chirag/Aerospace/ROS2/autonomy_ws/install/guidance_node/lib/python3.12/site-packages:/home/chirag/Aerospace/ros2_ws/install/telemetry_monitor/lib/python3.12/site-packages:/home/chirag/Aerospace/ros2_ws/install/px4_msgs/lib/python3.12/site-packages:/opt/ros/jazzy/lib/python3.12/site-packages /usr/bin/python3 -W ignore:setup.py install is deprecated -W ignore:easy_install command is deprecated setup.py egg_info --egg-base ../../build/px4_mission_node build --build-base /home/chirag/Aerospace/ROS2/autonomy_ws/build/px4_mission_node/build install --record /home/chirag/Aerospace/ROS2/autonomy_ws/build/px4_mission_node/install.log --single-version-externally-managed install_data
[1.010s] running egg_info
[1.010s] creating ../../build/px4_mission_node/px4_mission_node.egg-info
[1.021s] writing ../../build/px4_mission_node/px4_mission_node.egg-info/PKG-INFO
[1.021s] writing dependency_links to ../../build/px4_mission_node/px4_mission_node.egg-info/dependency_links.txt
[1.021s] writing entry points to ../../build/px4_mission_node/px4_mission_node.egg-info/entry_points.txt
[1.021s] writing requirements to ../../build/px4_mission_node/px4_mission_node.egg-info/requires.txt
[1.021s] writing top-level names to ../../build/px4_mission_node/px4_mission_node.egg-info/top_level.txt
[1.021s] writing manifest file '../../build/px4_mission_node/px4_mission_node.egg-info/SOURCES.txt'
[1.046s] reading manifest file '../../build/px4_mission_node/px4_mission_node.egg-info/SOURCES.txt'
[1.047s] writing manifest file '../../build/px4_mission_node/px4_mission_node.egg-info/SOURCES.txt'
[1.047s] running build
[1.047s] running build_py
[1.047s] creating /home/chirag/Aerospace/ROS2/autonomy_ws/build/px4_mission_node/build
[1.047s] creating /home/chirag/Aerospace/ROS2/autonomy_ws/build/px4_mission_node/build/lib
[1.047s] creating /home/chirag/Aerospace/ROS2/autonomy_ws/build/px4_mission_node/build/lib/px4_mission_node
[1.047s] copying px4_mission_node/offboard_mission_executor.py -> /home/chirag/Aerospace/ROS2/autonomy_ws/build/px4_mission_node/build/lib/px4_mission_node
[1.047s] copying px4_mission_node/mission_node.py -> /home/chirag/Aerospace/ROS2/autonomy_ws/build/px4_mission_node/build/lib/px4_mission_node
[1.056s] copying px4_mission_node/__init__.py -> /home/chirag/Aerospace/ROS2/autonomy_ws/build/px4_mission_node/build/lib/px4_mission_node
[1.056s] running install
[1.060s] running install_lib
[1.071s] creating /home/chirag/Aerospace/ROS2/autonomy_ws/install/px4_mission_node/lib/python3.12/site-packages/px4_mission_node
[1.071s] copying /home/chirag/Aerospace/ROS2/autonomy_ws/build/px4_mission_node/build/lib/px4_mission_node/offboard_mission_executor.py -> /home/chirag/Aerospace/ROS2/autonomy_ws/install/px4_mission_node/lib/python3.12/site-packages/px4_mission_node
[1.071s] copying /home/chirag/Aerospace/ROS2/autonomy_ws/build/px4_mission_node/build/lib/px4_mission_node/mission_node.py -> /home/chirag/Aerospace/ROS2/autonomy_ws/install/px4_mission_node/lib/python3.12/site-packages/px4_mission_node
[1.071s] copying /home/chirag/Aerospace/ROS2/autonomy_ws/build/px4_mission_node/build/lib/px4_mission_node/__init__.py -> /home/chirag/Aerospace/ROS2/autonomy_ws/install/px4_mission_node/lib/python3.12/site-packages/px4_mission_node
[1.072s] byte-compiling /home/chirag/Aerospace/ROS2/autonomy_ws/install/px4_mission_node/lib/python3.12/site-packages/px4_mission_node/offboard_mission_executor.py to offboard_mission_executor.cpython-312.pyc
[1.073s] byte-compiling /home/chirag/Aerospace/ROS2/autonomy_ws/install/px4_mission_node/lib/python3.12/site-packages/px4_mission_node/mission_node.py to mission_node.cpython-312.pyc
[1.074s] byte-compiling /home/chirag/Aerospace/ROS2/autonomy_ws/install/px4_mission_node/lib/python3.12/site-packages/px4_mission_node/__init__.py to __init__.cpython-312.pyc
[1.074s] running install_data
[1.074s] creating /home/chirag/Aerospace/ROS2/autonomy_ws/install/px4_mission_node/share/ament_index
[1.074s] creating /home/chirag/Aerospace/ROS2/autonomy_ws/install/px4_mission_node/share/ament_index/resource_index
[1.074s] creating /home/chirag/Aerospace/ROS2/autonomy_ws/install/px4_mission_node/share/ament_index/resource_index/packages
[1.074s] copying resource/px4_mission_node -> /home/chirag/Aerospace/ROS2/autonomy_ws/install/px4_mission_node/share/ament_index/resource_index/packages
[1.074s] copying package.xml -> /home/chirag/Aerospace/ROS2/autonomy_ws/install/px4_mission_node/share/px4_mission_node
[1.074s] running install_egg_info
[1.086s] Copying ../../build/px4_mission_node/px4_mission_node.egg-info to /home/chirag/Aerospace/ROS2/autonomy_ws/install/px4_mission_node/lib/python3.12/site-packages/px4_mission_node-0.0.0-py3.12.egg-info
[1.087s] running install_scripts
[1.166s] Installing mission_node script to /home/chirag/Aerospace/ROS2/autonomy_ws/install/px4_mission_node/lib/px4_mission_node
[1.167s] Installing offboard_mission_executor script to /home/chirag/Aerospace/ROS2/autonomy_ws/install/px4_mission_node/lib/px4_mission_node
[1.167s] writing list of installed files to '/home/chirag/Aerospace/ROS2/autonomy_ws/build/px4_mission_node/install.log'
[1.190s] Invoked command in '/home/chirag/Aerospace/ROS2/autonomy_ws/src/px4_mission_node' returned '0': DEBUGINFOD_URLS=https://debuginfod.ubuntu.com PYTHONPATH=/home/chirag/Aerospace/ROS2/autonomy_ws/build/px4_mission_node/prefix_override:/usr/lib/python3/dist-packages/colcon_core/task/python/colcon_distutils_commands:/home/chirag/Aerospace/ROS2/autonomy_ws/install/px4_mission_node/lib/python3.12/site-packages:/home/chirag/Aerospace/ROS2/autonomy_ws/install/px4_msgs/lib/python3.12/site-packages:/home/chirag/Aerospace/ROS2/autonomy_ws/install/telemetry_node/lib/python3.12/site-packages:/home/chirag/Aerospace/ROS2/autonomy_ws/install/px4_telemetry_node/lib/python3.12/site-packages:/home/chirag/Aerospace/ROS2/autonomy_ws/install/px4_mission_node/lib/python3.12/site-packages:/home/chirag/Aerospace/ROS2/autonomy_ws/install/px4_command_node/lib/python3.12/site-packages:/home/chirag/Aerospace/ROS2/autonomy_ws/install/guidance_node/lib/python3.12/site-packages:/home/chirag/Aerospace/ros2_ws/install/telemetry_monitor/lib/python3.12/site-packages:/home/chirag/Aerospace/ros2_ws/install/px4_msgs/lib/python3.12/site-packages:/opt/ros/jazzy/lib/python3.12/site-packages /usr/bin/python3 -W ignore:setup.py install is deprecated -W ignore:easy_install command is deprecated setup.py egg_info --egg-base ../../build/px4_mission_node build --build-base /home/chirag/Aerospace/ROS2/autonomy_ws/build/px4_mission_node/build install --record /home/chirag/Aerospace/ROS2/autonomy_ws/build/px4_mission_node/install.log --single-version-externally-managed install_data
