[0.862s] Invoking command in '/home/chirag/Aerospace/ROS2/autonomy_ws/src/telemetry_node': DEBUGINFOD_URLS=https://debuginfod.ubuntu.com PYTHONPATH=/home/chirag/Aerospace/ROS2/autonomy_ws/build/telemetry_node/prefix_override:/usr/lib/python3/dist-packages/colcon_core/task/python/colcon_distutils_commands:/home/chirag/Aerospace/ROS2/autonomy_ws/install/telemetry_node/lib/python3.12/site-packages:${PYTHONPATH} /usr/bin/python3 -W ignore:setup.py install is deprecated -W ignore:easy_install command is deprecated setup.py egg_info --egg-base ../../build/telemetry_node build --build-base /home/chirag/Aerospace/ROS2/autonomy_ws/build/telemetry_node/build install --record /home/chirag/Aerospace/ROS2/autonomy_ws/build/telemetry_node/install.log --single-version-externally-managed install_data
[1.143s] running egg_info
[1.167s] writing ../../build/telemetry_node/telemetry_node.egg-info/PKG-INFO
[1.168s] writing dependency_links to ../../build/telemetry_node/telemetry_node.egg-info/dependency_links.txt
[1.168s] writing entry points to ../../build/telemetry_node/telemetry_node.egg-info/entry_points.txt
[1.168s] writing requirements to ../../build/telemetry_node/telemetry_node.egg-info/requires.txt
[1.168s] writing top-level names to ../../build/telemetry_node/telemetry_node.egg-info/top_level.txt
[1.206s] reading manifest file '../../build/telemetry_node/telemetry_node.egg-info/SOURCES.txt'
[1.207s] writing manifest file '../../build/telemetry_node/telemetry_node.egg-info/SOURCES.txt'
[1.207s] running build
[1.207s] running build_py
[1.208s] running install
[1.213s] running install_lib
[1.236s] running install_data
[1.237s] running install_egg_info
[1.267s] removing '/home/chirag/Aerospace/ROS2/autonomy_ws/install/telemetry_node/lib/python3.12/site-packages/telemetry_node-0.0.0-py3.12.egg-info' (and everything under it)
[1.269s] Copying ../../build/telemetry_node/telemetry_node.egg-info to /home/chirag/Aerospace/ROS2/autonomy_ws/install/telemetry_node/lib/python3.12/site-packages/telemetry_node-0.0.0-py3.12.egg-info
[1.271s] running install_scripts
[1.427s] Installing telemetry_publisher script to /home/chirag/Aerospace/ROS2/autonomy_ws/install/telemetry_node/lib/telemetry_node
[1.428s] writing list of installed files to '/home/chirag/Aerospace/ROS2/autonomy_ws/build/telemetry_node/install.log'
[1.500s] Invoked command in '/home/chirag/Aerospace/ROS2/autonomy_ws/src/telemetry_node' returned '0': DEBUGINFOD_URLS=https://debuginfod.ubuntu.com PYTHONPATH=/home/chirag/Aerospace/ROS2/autonomy_ws/build/telemetry_node/prefix_override:/usr/lib/python3/dist-packages/colcon_core/task/python/colcon_distutils_commands:/home/chirag/Aerospace/ROS2/autonomy_ws/install/telemetry_node/lib/python3.12/site-packages:${PYTHONPATH} /usr/bin/python3 -W ignore:setup.py install is deprecated -W ignore:easy_install command is deprecated setup.py egg_info --egg-base ../../build/telemetry_node build --build-base /home/chirag/Aerospace/ROS2/autonomy_ws/build/telemetry_node/build install --record /home/chirag/Aerospace/ROS2/autonomy_ws/build/telemetry_node/install.log --single-version-externally-managed install_data
