[0.607s] Invoking command in '/home/chirag/Aerospace/ROS2/autonomy_ws/src/telemetry_node': DEBUGINFOD_URLS=https://debuginfod.ubuntu.com PYTHONPATH=/home/chirag/Aerospace/ROS2/autonomy_ws/build/telemetry_node/prefix_override:/usr/lib/python3/dist-packages/colcon_core/task/python/colcon_distutils_commands:/home/chirag/Aerospace/ROS2/autonomy_ws/install/telemetry_node/lib/python3.12/site-packages:${PYTHONPATH} /usr/bin/python3 -W ignore:setup.py install is deprecated -W ignore:easy_install command is deprecated setup.py egg_info --egg-base ../../build/telemetry_node build --build-base /home/chirag/Aerospace/ROS2/autonomy_ws/build/telemetry_node/build install --record /home/chirag/Aerospace/ROS2/autonomy_ws/build/telemetry_node/install.log --single-version-externally-managed install_data
[0.797s] running egg_info
[0.809s] writing ../../build/telemetry_node/telemetry_node.egg-info/PKG-INFO
[0.810s] writing dependency_links to ../../build/telemetry_node/telemetry_node.egg-info/dependency_links.txt
[0.810s] writing entry points to ../../build/telemetry_node/telemetry_node.egg-info/entry_points.txt
[0.810s] writing requirements to ../../build/telemetry_node/telemetry_node.egg-info/requires.txt
[0.810s] writing top-level names to ../../build/telemetry_node/telemetry_node.egg-info/top_level.txt
[0.844s] reading manifest file '../../build/telemetry_node/telemetry_node.egg-info/SOURCES.txt'
[0.845s] writing manifest file '../../build/telemetry_node/telemetry_node.egg-info/SOURCES.txt'
[0.845s] running build
[0.845s] running build_py
[0.845s] running install
[0.851s] running install_lib
[0.866s] running install_data
[0.866s] running install_egg_info
[0.883s] removing '/home/chirag/Aerospace/ROS2/autonomy_ws/install/telemetry_node/lib/python3.12/site-packages/telemetry_node-0.0.0-py3.12.egg-info' (and everything under it)
[0.883s] Copying ../../build/telemetry_node/telemetry_node.egg-info to /home/chirag/Aerospace/ROS2/autonomy_ws/install/telemetry_node/lib/python3.12/site-packages/telemetry_node-0.0.0-py3.12.egg-info
[0.885s] running install_scripts
[0.990s] Installing telemetry_publisher script to /home/chirag/Aerospace/ROS2/autonomy_ws/install/telemetry_node/lib/telemetry_node
[0.990s] writing list of installed files to '/home/chirag/Aerospace/ROS2/autonomy_ws/build/telemetry_node/install.log'
[1.040s] Invoked command in '/home/chirag/Aerospace/ROS2/autonomy_ws/src/telemetry_node' returned '0': DEBUGINFOD_URLS=https://debuginfod.ubuntu.com PYTHONPATH=/home/chirag/Aerospace/ROS2/autonomy_ws/build/telemetry_node/prefix_override:/usr/lib/python3/dist-packages/colcon_core/task/python/colcon_distutils_commands:/home/chirag/Aerospace/ROS2/autonomy_ws/install/telemetry_node/lib/python3.12/site-packages:${PYTHONPATH} /usr/bin/python3 -W ignore:setup.py install is deprecated -W ignore:easy_install command is deprecated setup.py egg_info --egg-base ../../build/telemetry_node build --build-base /home/chirag/Aerospace/ROS2/autonomy_ws/build/telemetry_node/build install --record /home/chirag/Aerospace/ROS2/autonomy_ws/build/telemetry_node/install.log --single-version-externally-managed install_data
