[0.866s] Invoking command in '/home/chirag/Aerospace/ROS2/autonomy_ws/src/px4_command_node': DEBUGINFOD_URLS=https://debuginfod.ubuntu.com PYTHONPATH=/home/chirag/Aerospace/ROS2/autonomy_ws/build/px4_command_node/prefix_override:/usr/lib/python3/dist-packages/colcon_core/task/python/colcon_distutils_commands:/home/chirag/Aerospace/ROS2/autonomy_ws/install/px4_command_node/lib/python3.12/site-packages:/home/chirag/Aerospace/ROS2/autonomy_ws/install/px4_msgs/lib/python3.12/site-packages:/home/chirag/Aerospace/ROS2/autonomy_ws/install/telemetry_node/lib/python3.12/site-packages:/home/chirag/Aerospace/ROS2/autonomy_ws/install/px4_telemetry_node/lib/python3.12/site-packages:/home/chirag/Aerospace/ROS2/autonomy_ws/install/px4_command_node/lib/python3.12/site-packages:/home/chirag/Aerospace/ros2_ws/install/telemetry_monitor/lib/python3.12/site-packages:/home/chirag/Aerospace/ros2_ws/install/px4_msgs/lib/python3.12/site-packages:/opt/ros/jazzy/lib/python3.12/site-packages /usr/bin/python3 -W ignore:setup.py install is deprecated -W ignore:easy_install command is deprecated setup.py egg_info --egg-base ../../build/px4_command_node build --build-base /home/chirag/Aerospace/ROS2/autonomy_ws/build/px4_command_node/build install --record /home/chirag/Aerospace/ROS2/autonomy_ws/build/px4_command_node/install.log --single-version-externally-managed install_data
[1.071s] running egg_info
[1.084s] writing ../../build/px4_command_node/px4_command_node.egg-info/PKG-INFO
[1.085s] writing dependency_links to ../../build/px4_command_node/px4_command_node.egg-info/dependency_links.txt
[1.085s] writing entry points to ../../build/px4_command_node/px4_command_node.egg-info/entry_points.txt
[1.085s] writing requirements to ../../build/px4_command_node/px4_command_node.egg-info/requires.txt
[1.085s] writing top-level names to ../../build/px4_command_node/px4_command_node.egg-info/top_level.txt
[1.113s] reading manifest file '../../build/px4_command_node/px4_command_node.egg-info/SOURCES.txt'
[1.114s] writing manifest file '../../build/px4_command_node/px4_command_node.egg-info/SOURCES.txt'
[1.114s] running build
[1.114s] running build_py
[1.114s] copying px4_command_node/command_node.py -> /home/chirag/Aerospace/ROS2/autonomy_ws/build/px4_command_node/build/lib/px4_command_node
[1.115s] running install
[1.119s] running install_lib
[1.137s] copying /home/chirag/Aerospace/ROS2/autonomy_ws/build/px4_command_node/build/lib/px4_command_node/command_node.py -> /home/chirag/Aerospace/ROS2/autonomy_ws/install/px4_command_node/lib/python3.12/site-packages/px4_command_node
[1.137s] byte-compiling /home/chirag/Aerospace/ROS2/autonomy_ws/install/px4_command_node/lib/python3.12/site-packages/px4_command_node/command_node.py to command_node.cpython-312.pyc
[1.138s] running install_data
[1.139s] running install_egg_info
[1.157s] removing '/home/chirag/Aerospace/ROS2/autonomy_ws/install/px4_command_node/lib/python3.12/site-packages/px4_command_node-0.0.0-py3.12.egg-info' (and everything under it)
[1.158s] Copying ../../build/px4_command_node/px4_command_node.egg-info to /home/chirag/Aerospace/ROS2/autonomy_ws/install/px4_command_node/lib/python3.12/site-packages/px4_command_node-0.0.0-py3.12.egg-info
[1.160s] running install_scripts
[1.277s] Installing command_node script to /home/chirag/Aerospace/ROS2/autonomy_ws/install/px4_command_node/lib/px4_command_node
[1.277s] writing list of installed files to '/home/chirag/Aerospace/ROS2/autonomy_ws/build/px4_command_node/install.log'
[1.328s] Invoked command in '/home/chirag/Aerospace/ROS2/autonomy_ws/src/px4_command_node' returned '0': DEBUGINFOD_URLS=https://debuginfod.ubuntu.com PYTHONPATH=/home/chirag/Aerospace/ROS2/autonomy_ws/build/px4_command_node/prefix_override:/usr/lib/python3/dist-packages/colcon_core/task/python/colcon_distutils_commands:/home/chirag/Aerospace/ROS2/autonomy_ws/install/px4_command_node/lib/python3.12/site-packages:/home/chirag/Aerospace/ROS2/autonomy_ws/install/px4_msgs/lib/python3.12/site-packages:/home/chirag/Aerospace/ROS2/autonomy_ws/install/telemetry_node/lib/python3.12/site-packages:/home/chirag/Aerospace/ROS2/autonomy_ws/install/px4_telemetry_node/lib/python3.12/site-packages:/home/chirag/Aerospace/ROS2/autonomy_ws/install/px4_command_node/lib/python3.12/site-packages:/home/chirag/Aerospace/ros2_ws/install/telemetry_monitor/lib/python3.12/site-packages:/home/chirag/Aerospace/ros2_ws/install/px4_msgs/lib/python3.12/site-packages:/opt/ros/jazzy/lib/python3.12/site-packages /usr/bin/python3 -W ignore:setup.py install is deprecated -W ignore:easy_install command is deprecated setup.py egg_info --egg-base ../../build/px4_command_node build --build-base /home/chirag/Aerospace/ROS2/autonomy_ws/build/px4_command_node/build install --record /home/chirag/Aerospace/ROS2/autonomy_ws/build/px4_command_node/install.log --single-version-externally-managed install_data
