[1.273s] Invoking command in '/home/chirag/Aerospace/ROS2/autonomy_ws/src/px4_mission_node': DEBUGINFOD_URLS=https://debuginfod.ubuntu.com PYTHONPATH=/home/chirag/Aerospace/ROS2/autonomy_ws/build/px4_mission_node/prefix_override:/usr/lib/python3/dist-packages/colcon_core/task/python/colcon_distutils_commands:/home/chirag/Aerospace/ROS2/autonomy_ws/install/px4_mission_node/lib/python3.12/site-packages:/home/chirag/Aerospace/ROS2/autonomy_ws/install/px4_msgs/lib/python3.12/site-packages:/home/chirag/Aerospace/ROS2/autonomy_ws/install/telemetry_node/lib/python3.12/site-packages:/home/chirag/Aerospace/ROS2/autonomy_ws/install/px4_telemetry_node/lib/python3.12/site-packages:/home/chirag/Aerospace/ROS2/autonomy_ws/install/px4_mission_node/lib/python3.12/site-packages:/home/chirag/Aerospace/ROS2/autonomy_ws/install/px4_command_node/lib/python3.12/site-packages:/home/chirag/Aerospace/ros2_ws/install/telemetry_monitor/lib/python3.12/site-packages:/home/chirag/Aerospace/ros2_ws/install/px4_msgs/lib/python3.12/site-packages:/opt/ros/jazzy/lib/python3.12/site-packages /usr/bin/python3 -W ignore:setup.py install is deprecated -W ignore:easy_install command is deprecated setup.py egg_info --egg-base ../../build/px4_mission_node build --build-base /home/chirag/Aerospace/ROS2/autonomy_ws/build/px4_mission_node/build install --record /home/chirag/Aerospace/ROS2/autonomy_ws/build/px4_mission_node/install.log --single-version-externally-managed install_data
[1.561s] running egg_info
[1.580s] writing ../../build/px4_mission_node/px4_mission_node.egg-info/PKG-INFO
[1.581s] writing dependency_links to ../../build/px4_mission_node/px4_mission_node.egg-info/dependency_links.txt
[1.581s] writing entry points to ../../build/px4_mission_node/px4_mission_node.egg-info/entry_points.txt
[1.581s] writing requirements to ../../build/px4_mission_node/px4_mission_node.egg-info/requires.txt
[1.581s] writing top-level names to ../../build/px4_mission_node/px4_mission_node.egg-info/top_level.txt
[1.625s] reading manifest file '../../build/px4_mission_node/px4_mission_node.egg-info/SOURCES.txt'
[1.626s] writing manifest file '../../build/px4_mission_node/px4_mission_node.egg-info/SOURCES.txt'
[1.626s] running build
[1.627s] running build_py
[1.627s] copying px4_mission_node/offboard_mission_executor.py -> /home/chirag/Aerospace/ROS2/autonomy_ws/build/px4_mission_node/build/lib/px4_mission_node
[1.627s] running install
[1.633s] running install_lib
[1.653s] copying /home/chirag/Aerospace/ROS2/autonomy_ws/build/px4_mission_node/build/lib/px4_mission_node/offboard_mission_executor.py -> /home/chirag/Aerospace/ROS2/autonomy_ws/install/px4_mission_node/lib/python3.12/site-packages/px4_mission_node
[1.655s] byte-compiling /home/chirag/Aerospace/ROS2/autonomy_ws/install/px4_mission_node/lib/python3.12/site-packages/px4_mission_node/offboard_mission_executor.py to offboard_mission_executor.cpython-312.pyc
[1.658s] running install_data
[1.658s] running install_egg_info
[1.677s] removing '/home/chirag/Aerospace/ROS2/autonomy_ws/install/px4_mission_node/lib/python3.12/site-packages/px4_mission_node-0.0.0-py3.12.egg-info' (and everything under it)
[1.677s] Copying ../../build/px4_mission_node/px4_mission_node.egg-info to /home/chirag/Aerospace/ROS2/autonomy_ws/install/px4_mission_node/lib/python3.12/site-packages/px4_mission_node-0.0.0-py3.12.egg-info
[1.678s] running install_scripts
[1.801s] Installing mission_node script to /home/chirag/Aerospace/ROS2/autonomy_ws/install/px4_mission_node/lib/px4_mission_node
[1.801s] Installing offboard_mission_executor script to /home/chirag/Aerospace/ROS2/autonomy_ws/install/px4_mission_node/lib/px4_mission_node
[1.801s] writing list of installed files to '/home/chirag/Aerospace/ROS2/autonomy_ws/build/px4_mission_node/install.log'
[1.858s] Invoked command in '/home/chirag/Aerospace/ROS2/autonomy_ws/src/px4_mission_node' returned '0': DEBUGINFOD_URLS=https://debuginfod.ubuntu.com PYTHONPATH=/home/chirag/Aerospace/ROS2/autonomy_ws/build/px4_mission_node/prefix_override:/usr/lib/python3/dist-packages/colcon_core/task/python/colcon_distutils_commands:/home/chirag/Aerospace/ROS2/autonomy_ws/install/px4_mission_node/lib/python3.12/site-packages:/home/chirag/Aerospace/ROS2/autonomy_ws/install/px4_msgs/lib/python3.12/site-packages:/home/chirag/Aerospace/ROS2/autonomy_ws/install/telemetry_node/lib/python3.12/site-packages:/home/chirag/Aerospace/ROS2/autonomy_ws/install/px4_telemetry_node/lib/python3.12/site-packages:/home/chirag/Aerospace/ROS2/autonomy_ws/install/px4_mission_node/lib/python3.12/site-packages:/home/chirag/Aerospace/ROS2/autonomy_ws/install/px4_command_node/lib/python3.12/site-packages:/home/chirag/Aerospace/ros2_ws/install/telemetry_monitor/lib/python3.12/site-packages:/home/chirag/Aerospace/ros2_ws/install/px4_msgs/lib/python3.12/site-packages:/opt/ros/jazzy/lib/python3.12/site-packages /usr/bin/python3 -W ignore:setup.py install is deprecated -W ignore:easy_install command is deprecated setup.py egg_info --egg-base ../../build/px4_mission_node build --build-base /home/chirag/Aerospace/ROS2/autonomy_ws/build/px4_mission_node/build install --record /home/chirag/Aerospace/ROS2/autonomy_ws/build/px4_mission_node/install.log --single-version-externally-managed install_data
