[1.091s] Invoking command in '/home/chirag/Aerospace/ROS2/autonomy_ws/src/px4_command_node': DEBUGINFOD_URLS=https://debuginfod.ubuntu.com PYTHONPATH=/home/chirag/Aerospace/ROS2/autonomy_ws/build/px4_command_node/prefix_override:/usr/lib/python3/dist-packages/colcon_core/task/python/colcon_distutils_commands:/home/chirag/Aerospace/ROS2/autonomy_ws/install/px4_command_node/lib/python3.12/site-packages:/home/chirag/Aerospace/ROS2/autonomy_ws/install/px4_msgs/lib/python3.12/site-packages:/home/chirag/Aerospace/ROS2/autonomy_ws/install/telemetry_node/lib/python3.12/site-packages:/home/chirag/Aerospace/ROS2/autonomy_ws/install/px4_telemetry_node/lib/python3.12/site-packages:/home/chirag/Aerospace/ROS2/autonomy_ws/install/px4_command_node/lib/python3.12/site-packages:/home/chirag/Aerospace/ros2_ws/install/telemetry_monitor/lib/python3.12/site-packages:/home/chirag/Aerospace/ros2_ws/install/px4_msgs/lib/python3.12/site-packages:/opt/ros/jazzy/lib/python3.12/site-packages /usr/bin/python3 -W ignore:setup.py install is deprecated -W ignore:easy_install command is deprecated setup.py egg_info --egg-base ../../build/px4_command_node build --build-base /home/chirag/Aerospace/ROS2/autonomy_ws/build/px4_command_node/build install --record /home/chirag/Aerospace/ROS2/autonomy_ws/build/px4_command_node/install.log --single-version-externally-managed install_data
[1.308s] running egg_info
[1.327s] writing ../../build/px4_command_node/px4_command_node.egg-info/PKG-INFO
[1.327s] writing dependency_links to ../../build/px4_command_node/px4_command_node.egg-info/dependency_links.txt
[1.328s] writing entry points to ../../build/px4_command_node/px4_command_node.egg-info/entry_points.txt
[1.328s] writing requirements to ../../build/px4_command_node/px4_command_node.egg-info/requires.txt
[1.328s] writing top-level names to ../../build/px4_command_node/px4_command_node.egg-info/top_level.txt
[1.364s] reading manifest file '../../build/px4_command_node/px4_command_node.egg-info/SOURCES.txt'
[1.365s] writing manifest file '../../build/px4_command_node/px4_command_node.egg-info/SOURCES.txt'
[1.365s] running build
[1.365s] running build_py
[1.365s] running install
[1.371s] running install_lib
[1.389s] running install_data
[1.389s] running install_egg_info
[1.406s] removing '/home/chirag/Aerospace/ROS2/autonomy_ws/install/px4_command_node/lib/python3.12/site-packages/px4_command_node-0.0.0-py3.12.egg-info' (and everything under it)
[1.407s] Copying ../../build/px4_command_node/px4_command_node.egg-info to /home/chirag/Aerospace/ROS2/autonomy_ws/install/px4_command_node/lib/python3.12/site-packages/px4_command_node-0.0.0-py3.12.egg-info
[1.408s] running install_scripts
[1.524s] Installing command_node script to /home/chirag/Aerospace/ROS2/autonomy_ws/install/px4_command_node/lib/px4_command_node
[1.524s] writing list of installed files to '/home/chirag/Aerospace/ROS2/autonomy_ws/build/px4_command_node/install.log'
[1.573s] Invoked command in '/home/chirag/Aerospace/ROS2/autonomy_ws/src/px4_command_node' returned '0': DEBUGINFOD_URLS=https://debuginfod.ubuntu.com PYTHONPATH=/home/chirag/Aerospace/ROS2/autonomy_ws/build/px4_command_node/prefix_override:/usr/lib/python3/dist-packages/colcon_core/task/python/colcon_distutils_commands:/home/chirag/Aerospace/ROS2/autonomy_ws/install/px4_command_node/lib/python3.12/site-packages:/home/chirag/Aerospace/ROS2/autonomy_ws/install/px4_msgs/lib/python3.12/site-packages:/home/chirag/Aerospace/ROS2/autonomy_ws/install/telemetry_node/lib/python3.12/site-packages:/home/chirag/Aerospace/ROS2/autonomy_ws/install/px4_telemetry_node/lib/python3.12/site-packages:/home/chirag/Aerospace/ROS2/autonomy_ws/install/px4_command_node/lib/python3.12/site-packages:/home/chirag/Aerospace/ros2_ws/install/telemetry_monitor/lib/python3.12/site-packages:/home/chirag/Aerospace/ros2_ws/install/px4_msgs/lib/python3.12/site-packages:/opt/ros/jazzy/lib/python3.12/site-packages /usr/bin/python3 -W ignore:setup.py install is deprecated -W ignore:easy_install command is deprecated setup.py egg_info --egg-base ../../build/px4_command_node build --build-base /home/chirag/Aerospace/ROS2/autonomy_ws/build/px4_command_node/build install --record /home/chirag/Aerospace/ROS2/autonomy_ws/build/px4_command_node/install.log --single-version-externally-managed install_data
