[1.438s] Invoking command in '/home/chirag/Aerospace/ROS2/autonomy_ws/src/guidance_node': DEBUGINFOD_URLS=https://debuginfod.ubuntu.com PYTHONPATH=/home/chirag/Aerospace/ROS2/autonomy_ws/build/guidance_node/prefix_override:/usr/lib/python3/dist-packages/colcon_core/task/python/colcon_distutils_commands:/home/chirag/Aerospace/ROS2/autonomy_ws/install/guidance_node/lib/python3.12/site-packages:/home/chirag/Aerospace/ROS2/autonomy_ws/install/px4_msgs/lib/python3.12/site-packages:/home/chirag/Aerospace/ROS2/autonomy_ws/install/telemetry_node/lib/python3.12/site-packages:/home/chirag/Aerospace/ROS2/autonomy_ws/install/px4_telemetry_node/lib/python3.12/site-packages:/home/chirag/Aerospace/ROS2/autonomy_ws/install/px4_mission_node/lib/python3.12/site-packages:/home/chirag/Aerospace/ROS2/autonomy_ws/install/px4_command_node/lib/python3.12/site-packages:/home/chirag/Aerospace/ROS2/autonomy_ws/install/guidance_node/lib/python3.12/site-packages:/home/chirag/Aerospace/ros2_ws/install/telemetry_monitor/lib/python3.12/site-packages:/home/chirag/Aerospace/ros2_ws/install/px4_msgs/lib/python3.12/site-packages:/opt/ros/jazzy/lib/python3.12/site-packages /usr/bin/python3 -W ignore:setup.py install is deprecated -W ignore:easy_install command is deprecated setup.py egg_info --egg-base ../../build/guidance_node build --build-base /home/chirag/Aerospace/ROS2/autonomy_ws/build/guidance_node/build install --record /home/chirag/Aerospace/ROS2/autonomy_ws/build/guidance_node/install.log --single-version-externally-managed install_data
[1.708s] running egg_info
[1.730s] writing ../../build/guidance_node/guidance_node.egg-info/PKG-INFO
[1.730s] writing dependency_links to ../../build/guidance_node/guidance_node.egg-info/dependency_links.txt
[1.731s] writing entry points to ../../build/guidance_node/guidance_node.egg-info/entry_points.txt
[1.731s] writing requirements to ../../build/guidance_node/guidance_node.egg-info/requires.txt
[1.731s] writing top-level names to ../../build/guidance_node/guidance_node.egg-info/top_level.txt
[1.771s] reading manifest file '../../build/guidance_node/guidance_node.egg-info/SOURCES.txt'
[1.771s] writing manifest file '../../build/guidance_node/guidance_node.egg-info/SOURCES.txt'
[1.772s] running build
[1.772s] running build_py
[1.772s] copying guidance_node/guidance_node.py -> /home/chirag/Aerospace/ROS2/autonomy_ws/build/guidance_node/build/lib/guidance_node
[1.772s] running install
[1.778s] running install_lib
[1.801s] copying /home/chirag/Aerospace/ROS2/autonomy_ws/build/guidance_node/build/lib/guidance_node/guidance_node.py -> /home/chirag/Aerospace/ROS2/autonomy_ws/install/guidance_node/lib/python3.12/site-packages/guidance_node
[1.801s] byte-compiling /home/chirag/Aerospace/ROS2/autonomy_ws/install/guidance_node/lib/python3.12/site-packages/guidance_node/guidance_node.py to guidance_node.cpython-312.pyc
[1.803s] running install_data
[1.803s] running install_egg_info
[1.822s] removing '/home/chirag/Aerospace/ROS2/autonomy_ws/install/guidance_node/lib/python3.12/site-packages/guidance_node-0.0.0-py3.12.egg-info' (and everything under it)
[1.823s] Copying ../../build/guidance_node/guidance_node.egg-info to /home/chirag/Aerospace/ROS2/autonomy_ws/install/guidance_node/lib/python3.12/site-packages/guidance_node-0.0.0-py3.12.egg-info
[1.825s] running install_scripts
[1.946s] Installing guidance_node script to /home/chirag/Aerospace/ROS2/autonomy_ws/install/guidance_node/lib/guidance_node
[1.946s] writing list of installed files to '/home/chirag/Aerospace/ROS2/autonomy_ws/build/guidance_node/install.log'
[2.042s] Invoked command in '/home/chirag/Aerospace/ROS2/autonomy_ws/src/guidance_node' returned '0': DEBUGINFOD_URLS=https://debuginfod.ubuntu.com PYTHONPATH=/home/chirag/Aerospace/ROS2/autonomy_ws/build/guidance_node/prefix_override:/usr/lib/python3/dist-packages/colcon_core/task/python/colcon_distutils_commands:/home/chirag/Aerospace/ROS2/autonomy_ws/install/guidance_node/lib/python3.12/site-packages:/home/chirag/Aerospace/ROS2/autonomy_ws/install/px4_msgs/lib/python3.12/site-packages:/home/chirag/Aerospace/ROS2/autonomy_ws/install/telemetry_node/lib/python3.12/site-packages:/home/chirag/Aerospace/ROS2/autonomy_ws/install/px4_telemetry_node/lib/python3.12/site-packages:/home/chirag/Aerospace/ROS2/autonomy_ws/install/px4_mission_node/lib/python3.12/site-packages:/home/chirag/Aerospace/ROS2/autonomy_ws/install/px4_command_node/lib/python3.12/site-packages:/home/chirag/Aerospace/ROS2/autonomy_ws/install/guidance_node/lib/python3.12/site-packages:/home/chirag/Aerospace/ros2_ws/install/telemetry_monitor/lib/python3.12/site-packages:/home/chirag/Aerospace/ros2_ws/install/px4_msgs/lib/python3.12/site-packages:/opt/ros/jazzy/lib/python3.12/site-packages /usr/bin/python3 -W ignore:setup.py install is deprecated -W ignore:easy_install command is deprecated setup.py egg_info --egg-base ../../build/guidance_node build --build-base /home/chirag/Aerospace/ROS2/autonomy_ws/build/guidance_node/build install --record /home/chirag/Aerospace/ROS2/autonomy_ws/build/guidance_node/install.log --single-version-externally-managed install_data
